[2025-07-15T10:11:09.472+0000] {local_task_job_runner.py:120} INFO - ::group::Pre task execution logs
[2025-07-15T10:11:09.487+0000] {taskinstance.py:2076} INFO - Dependencies all met for dep_context=non-requeueable deps ti=<TaskInstance: run_dbt_models.dbt_run manual__2025-07-15T10:11:06.626839+00:00 [queued]>
[2025-07-15T10:11:09.493+0000] {taskinstance.py:2076} INFO - Dependencies all met for dep_context=requeueable deps ti=<TaskInstance: run_dbt_models.dbt_run manual__2025-07-15T10:11:06.626839+00:00 [queued]>
[2025-07-15T10:11:09.493+0000] {taskinstance.py:2306} INFO - Starting attempt 1 of 1
[2025-07-15T10:11:09.509+0000] {taskinstance.py:2330} INFO - Executing <Task(BashOperator): dbt_run> on 2025-07-15 10:11:06.626839+00:00
[2025-07-15T10:11:09.512+0000] {standard_task_runner.py:63} INFO - Started process 9832 to run task
[2025-07-15T10:11:09.516+0000] {standard_task_runner.py:90} INFO - Running: ['airflow', 'tasks', 'run', 'run_dbt_models', 'dbt_run', 'manual__2025-07-15T10:11:06.626839+00:00', '--job-id', '7', '--raw', '--subdir', 'DAGS_FOLDER/run_dbt.py', '--cfg-path', '/tmp/tmprtqck9sy']
[2025-07-15T10:11:09.517+0000] {standard_task_runner.py:91} INFO - Job 7: Subtask dbt_run
[2025-07-15T10:11:09.566+0000] {task_command.py:426} INFO - Running <TaskInstance: run_dbt_models.dbt_run manual__2025-07-15T10:11:06.626839+00:00 [running]> on host ZeeLaptop.localdomain
[2025-07-15T10:11:09.620+0000] {taskinstance.py:2648} INFO - Exporting env vars: AIRFLOW_CTX_DAG_OWNER='airflow' AIRFLOW_CTX_DAG_ID='run_dbt_models' AIRFLOW_CTX_TASK_ID='dbt_run' AIRFLOW_CTX_EXECUTION_DATE='2025-07-15T10:11:06.626839+00:00' AIRFLOW_CTX_TRY_NUMBER='1' AIRFLOW_CTX_DAG_RUN_ID='manual__2025-07-15T10:11:06.626839+00:00'
[2025-07-15T10:11:09.621+0000] {taskinstance.py:430} INFO - ::endgroup::
[2025-07-15T10:11:09.621+0000] {subprocess.py:63} INFO - Tmp dir root location: /tmp
[2025-07-15T10:11:09.622+0000] {subprocess.py:75} INFO - Running command: ['/usr/bin/bash', '-c', '\n        cd /home/reach2zeeshan/clinicaltrials &&\n        /home/reach2zeeshan/clinicaltrials/venv/bin/dbt run\n        ']
[2025-07-15T10:11:09.628+0000] {subprocess.py:86} INFO - Output:
[2025-07-15T10:11:11.108+0000] {subprocess.py:93} INFO - [0m10:11:11  Running with dbt=1.10.4
[2025-07-15T10:11:11.507+0000] {subprocess.py:93} INFO - [0m10:11:11  Registered adapter: snowflake=1.10.0
[2025-07-15T10:11:11.918+0000] {subprocess.py:93} INFO - [0m10:11:11  Found 2 models, 2 data tests, 1 source, 476 macros
[2025-07-15T10:11:11.920+0000] {subprocess.py:93} INFO - [0m10:11:11
[2025-07-15T10:11:11.920+0000] {subprocess.py:93} INFO - [0m10:11:11  Concurrency: 1 threads (target='dev')
[2025-07-15T10:11:11.921+0000] {subprocess.py:93} INFO - [0m10:11:11
[2025-07-15T10:11:14.558+0000] {subprocess.py:93} INFO - [0m10:11:14  1 of 2 START sql table model sh_clinical_trials_gov_stage.stg_ctgov__studies ... [RUN]
[2025-07-15T10:11:16.824+0000] {subprocess.py:93} INFO - [0m10:11:16  1 of 2 OK created sql table model sh_clinical_trials_gov_stage.stg_ctgov__studies  [[32mSUCCESS 1[0m in 2.26s]
[2025-07-15T10:11:16.825+0000] {subprocess.py:93} INFO - [0m10:11:16  2 of 2 START sql table model sh_clinical_trials_gov_cur.int_sponsor_summary .... [RUN]
[2025-07-15T10:11:18.721+0000] {subprocess.py:93} INFO - [0m10:11:18  2 of 2 OK created sql table model sh_clinical_trials_gov_cur.int_sponsor_summary  [[32mSUCCESS 1[0m in 1.89s]
[2025-07-15T10:11:19.262+0000] {subprocess.py:93} INFO - [0m10:11:19
[2025-07-15T10:11:19.263+0000] {subprocess.py:93} INFO - [0m10:11:19  Finished running 2 table models in 0 hours 0 minutes and 7.34 seconds (7.34s).
[2025-07-15T10:11:19.317+0000] {subprocess.py:93} INFO - [0m10:11:19
[2025-07-15T10:11:19.317+0000] {subprocess.py:93} INFO - [0m10:11:19  [32mCompleted successfully[0m
[2025-07-15T10:11:19.317+0000] {subprocess.py:93} INFO - [0m10:11:19
[2025-07-15T10:11:19.318+0000] {subprocess.py:93} INFO - [0m10:11:19  Done. PASS=2 WARN=0 ERROR=0 SKIP=0 NO-OP=0 TOTAL=2
[2025-07-15T10:11:20.646+0000] {subprocess.py:97} INFO - Command exited with return code 0
[2025-07-15T10:11:20.646+0000] {taskinstance.py:441} INFO - ::group::Post task execution logs
[2025-07-15T10:11:20.664+0000] {taskinstance.py:1206} INFO - Marking task as SUCCESS. dag_id=run_dbt_models, task_id=dbt_run, run_id=manual__2025-07-15T10:11:06.626839+00:00, execution_date=20250715T101106, start_date=20250715T101109, end_date=20250715T101120
[2025-07-15T10:11:20.686+0000] {local_task_job_runner.py:240} INFO - Task exited with return code 0
[2025-07-15T10:11:20.695+0000] {taskinstance.py:3498} INFO - 1 downstream tasks scheduled from follow-on schedule check
[2025-07-15T10:11:20.704+0000] {local_task_job_runner.py:222} INFO - ::endgroup::
