[2025-07-15T10:10:09.849+0000] {local_task_job_runner.py:120} INFO - ::group::Pre task execution logs
[2025-07-15T10:10:09.861+0000] {taskinstance.py:2076} INFO - Dependencies all met for dep_context=non-requeueable deps ti=<TaskInstance: run_dbt_models.dbt_run scheduled__2025-07-14T20:00:00+00:00 [queued]>
[2025-07-15T10:10:09.864+0000] {taskinstance.py:2076} INFO - Dependencies all met for dep_context=requeueable deps ti=<TaskInstance: run_dbt_models.dbt_run scheduled__2025-07-14T20:00:00+00:00 [queued]>
[2025-07-15T10:10:09.864+0000] {taskinstance.py:2306} INFO - Starting attempt 1 of 1
[2025-07-15T10:10:09.876+0000] {taskinstance.py:2330} INFO - Executing <Task(BashOperator): dbt_run> on 2025-07-14 20:00:00+00:00
[2025-07-15T10:10:09.879+0000] {standard_task_runner.py:63} INFO - Started process 9764 to run task
[2025-07-15T10:10:09.882+0000] {standard_task_runner.py:90} INFO - Running: ['airflow', 'tasks', 'run', 'run_dbt_models', 'dbt_run', 'scheduled__2025-07-14T20:00:00+00:00', '--job-id', '5', '--raw', '--subdir', 'DAGS_FOLDER/run_dbt.py', '--cfg-path', '/tmp/tmpkagfj0k_']
[2025-07-15T10:10:09.882+0000] {standard_task_runner.py:91} INFO - Job 5: Subtask dbt_run
[2025-07-15T10:10:09.923+0000] {task_command.py:426} INFO - Running <TaskInstance: run_dbt_models.dbt_run scheduled__2025-07-14T20:00:00+00:00 [running]> on host ZeeLaptop.localdomain
[2025-07-15T10:10:09.982+0000] {taskinstance.py:2648} INFO - Exporting env vars: AIRFLOW_CTX_DAG_OWNER='airflow' AIRFLOW_CTX_DAG_ID='run_dbt_models' AIRFLOW_CTX_TASK_ID='dbt_run' AIRFLOW_CTX_EXECUTION_DATE='2025-07-14T20:00:00+00:00' AIRFLOW_CTX_TRY_NUMBER='1' AIRFLOW_CTX_DAG_RUN_ID='scheduled__2025-07-14T20:00:00+00:00'
[2025-07-15T10:10:09.983+0000] {taskinstance.py:430} INFO - ::endgroup::
[2025-07-15T10:10:09.984+0000] {subprocess.py:63} INFO - Tmp dir root location: /tmp
[2025-07-15T10:10:09.985+0000] {subprocess.py:75} INFO - Running command: ['/usr/bin/bash', '-c', '\n        cd /home/reach2zeeshan/clinicaltrials &&\n        /home/reach2zeeshan/clinicaltrials/venv/bin/dbt run\n        ']
[2025-07-15T10:10:09.990+0000] {subprocess.py:86} INFO - Output:
[2025-07-15T10:10:11.428+0000] {subprocess.py:93} INFO - [0m10:10:11  Running with dbt=1.10.4
[2025-07-15T10:10:11.831+0000] {subprocess.py:93} INFO - [0m10:10:11  Registered adapter: snowflake=1.10.0
[2025-07-15T10:10:12.221+0000] {subprocess.py:93} INFO - [0m10:10:12  Found 2 models, 2 data tests, 1 source, 476 macros
[2025-07-15T10:10:12.223+0000] {subprocess.py:93} INFO - [0m10:10:12
[2025-07-15T10:10:12.223+0000] {subprocess.py:93} INFO - [0m10:10:12  Concurrency: 1 threads (target='dev')
[2025-07-15T10:10:12.223+0000] {subprocess.py:93} INFO - [0m10:10:12
[2025-07-15T10:10:16.294+0000] {subprocess.py:93} INFO - [0m10:10:16  1 of 2 START sql table model sh_clinical_trials_gov_stage.stg_ctgov__studies ... [RUN]
[2025-07-15T10:10:18.739+0000] {subprocess.py:93} INFO - [0m10:10:18  1 of 2 OK created sql table model sh_clinical_trials_gov_stage.stg_ctgov__studies  [[32mSUCCESS 1[0m in 2.44s]
[2025-07-15T10:10:18.742+0000] {subprocess.py:93} INFO - [0m10:10:18  2 of 2 START sql table model sh_clinical_trials_gov_cur.int_sponsor_summary .... [RUN]
[2025-07-15T10:10:20.911+0000] {subprocess.py:93} INFO - [0m10:10:20  2 of 2 OK created sql table model sh_clinical_trials_gov_cur.int_sponsor_summary  [[32mSUCCESS 1[0m in 2.17s]
[2025-07-15T10:10:21.965+0000] {subprocess.py:93} INFO - [0m10:10:21
[2025-07-15T10:10:21.965+0000] {subprocess.py:93} INFO - [0m10:10:21  Finished running 2 table models in 0 hours 0 minutes and 9.74 seconds (9.74s).
[2025-07-15T10:10:21.989+0000] {subprocess.py:93} INFO - [0m10:10:21
[2025-07-15T10:10:21.990+0000] {subprocess.py:93} INFO - [0m10:10:21  [32mCompleted successfully[0m
[2025-07-15T10:10:21.990+0000] {subprocess.py:93} INFO - [0m10:10:21
[2025-07-15T10:10:21.990+0000] {subprocess.py:93} INFO - [0m10:10:21  Done. PASS=2 WARN=0 ERROR=0 SKIP=0 NO-OP=0 TOTAL=2
[2025-07-15T10:10:23.251+0000] {subprocess.py:97} INFO - Command exited with return code 0
[2025-07-15T10:10:23.251+0000] {taskinstance.py:441} INFO - ::group::Post task execution logs
[2025-07-15T10:10:23.272+0000] {taskinstance.py:1206} INFO - Marking task as SUCCESS. dag_id=run_dbt_models, task_id=dbt_run, run_id=scheduled__2025-07-14T20:00:00+00:00, execution_date=20250714T200000, start_date=20250715T101009, end_date=20250715T101023
[2025-07-15T10:10:23.314+0000] {local_task_job_runner.py:240} INFO - Task exited with return code 0
[2025-07-15T10:10:23.321+0000] {taskinstance.py:3498} INFO - 1 downstream tasks scheduled from follow-on schedule check
[2025-07-15T10:10:23.327+0000] {local_task_job_runner.py:222} INFO - ::endgroup::
