[2025-07-15T10:03:19.936+0000] {local_task_job_runner.py:120} INFO - ::group::Pre task execution logs
[2025-07-15T10:03:19.947+0000] {taskinstance.py:2076} INFO - Dependencies all met for dep_context=non-requeueable deps ti=<TaskInstance: run_dbt_models.dbt_run manual__2025-07-15T10:03:16.457100+00:00 [queued]>
[2025-07-15T10:03:19.951+0000] {taskinstance.py:2076} INFO - Dependencies all met for dep_context=requeueable deps ti=<TaskInstance: run_dbt_models.dbt_run manual__2025-07-15T10:03:16.457100+00:00 [queued]>
[2025-07-15T10:03:19.951+0000] {taskinstance.py:2306} INFO - Starting attempt 1 of 1
[2025-07-15T10:03:19.962+0000] {taskinstance.py:2330} INFO - Executing <Task(BashOperator): dbt_run> on 2025-07-15 10:03:16.457100+00:00
[2025-07-15T10:03:19.965+0000] {standard_task_runner.py:63} INFO - Started process 9336 to run task
[2025-07-15T10:03:19.968+0000] {standard_task_runner.py:90} INFO - Running: ['airflow', 'tasks', 'run', 'run_dbt_models', 'dbt_run', 'manual__2025-07-15T10:03:16.457100+00:00', '--job-id', '4', '--raw', '--subdir', 'DAGS_FOLDER/run_dbt.py', '--cfg-path', '/tmp/tmpzkqg_edj']
[2025-07-15T10:03:19.968+0000] {standard_task_runner.py:91} INFO - Job 4: Subtask dbt_run
[2025-07-15T10:03:20.003+0000] {task_command.py:426} INFO - Running <TaskInstance: run_dbt_models.dbt_run manual__2025-07-15T10:03:16.457100+00:00 [running]> on host ZeeLaptop.localdomain
[2025-07-15T10:03:20.055+0000] {taskinstance.py:2648} INFO - Exporting env vars: AIRFLOW_CTX_DAG_OWNER='airflow' AIRFLOW_CTX_DAG_ID='run_dbt_models' AIRFLOW_CTX_TASK_ID='dbt_run' AIRFLOW_CTX_EXECUTION_DATE='2025-07-15T10:03:16.457100+00:00' AIRFLOW_CTX_TRY_NUMBER='1' AIRFLOW_CTX_DAG_RUN_ID='manual__2025-07-15T10:03:16.457100+00:00'
[2025-07-15T10:03:20.056+0000] {taskinstance.py:430} INFO - ::endgroup::
[2025-07-15T10:03:20.057+0000] {subprocess.py:63} INFO - Tmp dir root location: /tmp
[2025-07-15T10:03:20.057+0000] {subprocess.py:75} INFO - Running command: ['/usr/bin/bash', '-c', '\n        cd /home/reach2zeeshan/clinicaltrials &&\n        source venv/bin/activate &&\n        dbt run\n        ']
[2025-07-15T10:03:20.064+0000] {subprocess.py:86} INFO - Output:
[2025-07-15T10:03:21.436+0000] {subprocess.py:93} INFO - [0m10:03:21  Running with dbt=1.10.4
[2025-07-15T10:03:21.824+0000] {subprocess.py:93} INFO - [0m10:03:21  Registered adapter: snowflake=1.10.0
[2025-07-15T10:03:21.902+0000] {subprocess.py:93} INFO - [0m10:03:21  Unable to do partial parsing because saved manifest not found. Starting full parse.
[2025-07-15T10:03:23.268+0000] {subprocess.py:93} INFO - [0m10:03:23  Found 2 models, 2 data tests, 1 source, 476 macros
[2025-07-15T10:03:23.270+0000] {subprocess.py:93} INFO - [0m10:03:23
[2025-07-15T10:03:23.270+0000] {subprocess.py:93} INFO - [0m10:03:23  Concurrency: 1 threads (target='dev')
[2025-07-15T10:03:23.270+0000] {subprocess.py:93} INFO - [0m10:03:23
[2025-07-15T10:03:27.718+0000] {subprocess.py:93} INFO - [0m10:03:27  1 of 2 START sql table model sh_clinical_trials_gov_stage.stg_ctgov__studies ... [RUN]
[2025-07-15T10:03:30.806+0000] {subprocess.py:93} INFO - [0m10:03:30  1 of 2 OK created sql table model sh_clinical_trials_gov_stage.stg_ctgov__studies  [[32mSUCCESS 1[0m in 3.09s]
[2025-07-15T10:03:30.809+0000] {subprocess.py:93} INFO - [0m10:03:30  2 of 2 START sql table model sh_clinical_trials_gov_cur.int_sponsor_summary .... [RUN]
[2025-07-15T10:03:33.233+0000] {subprocess.py:93} INFO - [0m10:03:33  2 of 2 OK created sql table model sh_clinical_trials_gov_cur.int_sponsor_summary  [[32mSUCCESS 1[0m in 2.42s]
[2025-07-15T10:03:33.816+0000] {subprocess.py:93} INFO - [0m10:03:33
[2025-07-15T10:03:33.817+0000] {subprocess.py:93} INFO - [0m10:03:33  Finished running 2 table models in 0 hours 0 minutes and 10.54 seconds (10.54s).
[2025-07-15T10:03:33.853+0000] {subprocess.py:93} INFO - [0m10:03:33
[2025-07-15T10:03:33.854+0000] {subprocess.py:93} INFO - [0m10:03:33  [32mCompleted successfully[0m
[2025-07-15T10:03:33.854+0000] {subprocess.py:93} INFO - [0m10:03:33
[2025-07-15T10:03:33.854+0000] {subprocess.py:93} INFO - [0m10:03:33  Done. PASS=2 WARN=0 ERROR=0 SKIP=0 NO-OP=0 TOTAL=2
[2025-07-15T10:03:35.562+0000] {subprocess.py:97} INFO - Command exited with return code 0
[2025-07-15T10:03:35.564+0000] {taskinstance.py:441} INFO - ::group::Post task execution logs
[2025-07-15T10:03:35.581+0000] {taskinstance.py:1206} INFO - Marking task as SUCCESS. dag_id=run_dbt_models, task_id=dbt_run, run_id=manual__2025-07-15T10:03:16.457100+00:00, execution_date=20250715T100316, start_date=20250715T100319, end_date=20250715T100335
[2025-07-15T10:03:35.636+0000] {local_task_job_runner.py:240} INFO - Task exited with return code 0
[2025-07-15T10:03:35.644+0000] {taskinstance.py:3498} INFO - 0 downstream tasks scheduled from follow-on schedule check
[2025-07-15T10:03:35.644+0000] {local_task_job_runner.py:222} INFO - ::endgroup::
