[2025-07-15T11:06:15.449+0000] {local_task_job_runner.py:120} INFO - ::group::Pre task execution logs
[2025-07-15T11:06:15.460+0000] {taskinstance.py:2076} INFO - Dependencies all met for dep_context=non-requeueable deps ti=<TaskInstance: run_dbt_models.ingest_data manual__2025-07-15T10:50:45.194882+00:00 [queued]>
[2025-07-15T11:06:15.464+0000] {taskinstance.py:2076} INFO - Dependencies all met for dep_context=requeueable deps ti=<TaskInstance: run_dbt_models.ingest_data manual__2025-07-15T10:50:45.194882+00:00 [queued]>
[2025-07-15T11:06:15.464+0000] {taskinstance.py:2306} INFO - Starting attempt 7 of 7
[2025-07-15T11:06:15.476+0000] {taskinstance.py:2330} INFO - Executing <Task(BashOperator): ingest_data> on 2025-07-15 10:50:45.194882+00:00
[2025-07-15T11:06:15.484+0000] {standard_task_runner.py:90} INFO - Running: ['airflow', 'tasks', 'run', 'run_dbt_models', 'ingest_data', 'manual__2025-07-15T10:50:45.194882+00:00', '--job-id', '22', '--raw', '--subdir', 'DAGS_FOLDER/run_dbt.py', '--cfg-path', '/tmp/tmps9j3rdt8']
[2025-07-15T11:06:15.487+0000] {standard_task_runner.py:91} INFO - Job 22: Subtask ingest_data
[2025-07-15T11:06:15.492+0000] {logging_mixin.py:188} WARNING - /home/reach2zeeshan/clinicaltrials/venv/lib/python3.12/site-packages/airflow/task/task_runner/standard_task_runner.py:61 DeprecationWarning: This process (pid=3049) is multi-threaded, use of fork() may lead to deadlocks in the child.
[2025-07-15T11:06:15.493+0000] {standard_task_runner.py:63} INFO - Started process 3054 to run task
[2025-07-15T11:06:15.521+0000] {task_command.py:426} INFO - Running <TaskInstance: run_dbt_models.ingest_data manual__2025-07-15T10:50:45.194882+00:00 [running]> on host ZeeLaptop.localdomain
[2025-07-15T11:06:15.569+0000] {taskinstance.py:2648} INFO - Exporting env vars: AIRFLOW_CTX_DAG_OWNER='airflow' AIRFLOW_CTX_DAG_ID='run_dbt_models' AIRFLOW_CTX_TASK_ID='ingest_data' AIRFLOW_CTX_EXECUTION_DATE='2025-07-15T10:50:45.194882+00:00' AIRFLOW_CTX_TRY_NUMBER='7' AIRFLOW_CTX_DAG_RUN_ID='manual__2025-07-15T10:50:45.194882+00:00'
[2025-07-15T11:06:15.571+0000] {taskinstance.py:430} INFO - ::endgroup::
[2025-07-15T11:06:15.571+0000] {subprocess.py:63} INFO - Tmp dir root location: /tmp
[2025-07-15T11:06:15.572+0000] {subprocess.py:75} INFO - Running command: ['/usr/bin/bash', '-c', '\n        /home/reach2zeeshan/clinicaltrials/venv/bin/python /home/reach2zeeshan/clinicaltrials/ingestion/data_ingestion.py\n        ']
[2025-07-15T11:06:15.580+0000] {subprocess.py:86} INFO - Output:
[2025-07-15T11:06:35.563+0000] {subprocess.py:93} INFO - Fetching studies…
[2025-07-15T11:06:35.564+0000] {subprocess.py:93} INFO - Total fetched: 458 records.
[2025-07-15T11:06:35.564+0000] {subprocess.py:93} INFO - Loading into Snowflake…
[2025-07-15T11:06:35.564+0000] {subprocess.py:93} INFO - Loaded 458 records successfully.
[2025-07-15T11:06:35.690+0000] {subprocess.py:97} INFO - Command exited with return code 0
[2025-07-15T11:06:35.691+0000] {taskinstance.py:441} INFO - ::group::Post task execution logs
[2025-07-15T11:06:35.708+0000] {taskinstance.py:1206} INFO - Marking task as SUCCESS. dag_id=run_dbt_models, task_id=ingest_data, run_id=manual__2025-07-15T10:50:45.194882+00:00, execution_date=20250715T105045, start_date=20250715T110615, end_date=20250715T110635
[2025-07-15T11:06:35.762+0000] {local_task_job_runner.py:240} INFO - Task exited with return code 0
[2025-07-15T11:06:35.776+0000] {taskinstance.py:3498} INFO - 1 downstream tasks scheduled from follow-on schedule check
[2025-07-15T11:06:35.783+0000] {local_task_job_runner.py:222} INFO - ::endgroup::
