[2025-07-15T09:51:12.416+0000] {processor.py:161} INFO - Started process (PID=8328) to work on /home/reach2zeeshan/clinicaltrials/venv/lib/python3.12/site-packages/airflow/example_dags/example_branch_operator.py
[2025-07-15T09:51:12.417+0000] {processor.py:830} INFO - Processing file /home/reach2zeeshan/clinicaltrials/venv/lib/python3.12/site-packages/airflow/example_dags/example_branch_operator.py for tasks to queue
[2025-07-15T09:51:12.418+0000] {logging_mixin.py:188} INFO - [2025-07-15T09:51:12.418+0000] {dagbag.py:545} INFO - Filling up the DagBag from /home/reach2zeeshan/clinicaltrials/venv/lib/python3.12/site-packages/airflow/example_dags/example_branch_operator.py
[2025-07-15T09:51:12.468+0000] {processor.py:842} WARNING - No viable dags retrieved from /home/reach2zeeshan/clinicaltrials/venv/lib/python3.12/site-packages/airflow/example_dags/example_branch_operator.py
[2025-07-15T09:51:12.484+0000] {processor.py:183} INFO - Processing /home/reach2zeeshan/clinicaltrials/venv/lib/python3.12/site-packages/airflow/example_dags/example_branch_operator.py took 0.075 seconds
[2025-07-15T09:52:05.679+0000] {processor.py:161} INFO - Started process (PID=8418) to work on /home/reach2zeeshan/clinicaltrials/venv/lib/python3.12/site-packages/airflow/example_dags/example_branch_operator.py
[2025-07-15T09:52:05.681+0000] {processor.py:830} INFO - Processing file /home/reach2zeeshan/clinicaltrials/venv/lib/python3.12/site-packages/airflow/example_dags/example_branch_operator.py for tasks to queue
[2025-07-15T09:52:05.683+0000] {logging_mixin.py:188} INFO - [2025-07-15T09:52:05.683+0000] {dagbag.py:545} INFO - Filling up the DagBag from /home/reach2zeeshan/clinicaltrials/venv/lib/python3.12/site-packages/airflow/example_dags/example_branch_operator.py
[2025-07-15T09:52:05.726+0000] {processor.py:842} WARNING - No viable dags retrieved from /home/reach2zeeshan/clinicaltrials/venv/lib/python3.12/site-packages/airflow/example_dags/example_branch_operator.py
[2025-07-15T09:52:05.739+0000] {processor.py:183} INFO - Processing /home/reach2zeeshan/clinicaltrials/venv/lib/python3.12/site-packages/airflow/example_dags/example_branch_operator.py took 0.066 seconds
[2025-07-15T09:52:55.442+0000] {processor.py:161} INFO - Started process (PID=8502) to work on /home/reach2zeeshan/clinicaltrials/venv/lib/python3.12/site-packages/airflow/example_dags/example_branch_operator.py
[2025-07-15T09:52:55.445+0000] {processor.py:830} INFO - Processing file /home/reach2zeeshan/clinicaltrials/venv/lib/python3.12/site-packages/airflow/example_dags/example_branch_operator.py for tasks to queue
[2025-07-15T09:52:55.446+0000] {logging_mixin.py:188} INFO - [2025-07-15T09:52:55.446+0000] {dagbag.py:545} INFO - Filling up the DagBag from /home/reach2zeeshan/clinicaltrials/venv/lib/python3.12/site-packages/airflow/example_dags/example_branch_operator.py
[2025-07-15T09:52:55.476+0000] {processor.py:842} WARNING - No viable dags retrieved from /home/reach2zeeshan/clinicaltrials/venv/lib/python3.12/site-packages/airflow/example_dags/example_branch_operator.py
[2025-07-15T09:52:55.484+0000] {processor.py:183} INFO - Processing /home/reach2zeeshan/clinicaltrials/venv/lib/python3.12/site-packages/airflow/example_dags/example_branch_operator.py took 0.047 seconds
[2025-07-15T09:53:58.313+0000] {processor.py:161} INFO - Started process (PID=8593) to work on /home/reach2zeeshan/clinicaltrials/venv/lib/python3.12/site-packages/airflow/example_dags/example_branch_operator.py
[2025-07-15T09:53:58.316+0000] {processor.py:830} INFO - Processing file /home/reach2zeeshan/clinicaltrials/venv/lib/python3.12/site-packages/airflow/example_dags/example_branch_operator.py for tasks to queue
[2025-07-15T09:53:58.317+0000] {logging_mixin.py:188} INFO - [2025-07-15T09:53:58.317+0000] {dagbag.py:545} INFO - Filling up the DagBag from /home/reach2zeeshan/clinicaltrials/venv/lib/python3.12/site-packages/airflow/example_dags/example_branch_operator.py
[2025-07-15T09:53:58.350+0000] {processor.py:842} WARNING - No viable dags retrieved from /home/reach2zeeshan/clinicaltrials/venv/lib/python3.12/site-packages/airflow/example_dags/example_branch_operator.py
[2025-07-15T09:53:58.359+0000] {processor.py:183} INFO - Processing /home/reach2zeeshan/clinicaltrials/venv/lib/python3.12/site-packages/airflow/example_dags/example_branch_operator.py took 0.052 seconds
[2025-07-15T09:54:57.789+0000] {processor.py:161} INFO - Started process (PID=8675) to work on /home/reach2zeeshan/clinicaltrials/venv/lib/python3.12/site-packages/airflow/example_dags/example_branch_operator.py
[2025-07-15T09:54:57.793+0000] {processor.py:830} INFO - Processing file /home/reach2zeeshan/clinicaltrials/venv/lib/python3.12/site-packages/airflow/example_dags/example_branch_operator.py for tasks to queue
[2025-07-15T09:54:57.795+0000] {logging_mixin.py:188} INFO - [2025-07-15T09:54:57.795+0000] {dagbag.py:545} INFO - Filling up the DagBag from /home/reach2zeeshan/clinicaltrials/venv/lib/python3.12/site-packages/airflow/example_dags/example_branch_operator.py
[2025-07-15T09:54:57.830+0000] {processor.py:842} WARNING - No viable dags retrieved from /home/reach2zeeshan/clinicaltrials/venv/lib/python3.12/site-packages/airflow/example_dags/example_branch_operator.py
[2025-07-15T09:54:57.844+0000] {processor.py:183} INFO - Processing /home/reach2zeeshan/clinicaltrials/venv/lib/python3.12/site-packages/airflow/example_dags/example_branch_operator.py took 0.061 seconds
[2025-07-15T09:55:59.514+0000] {processor.py:161} INFO - Started process (PID=8750) to work on /home/reach2zeeshan/clinicaltrials/venv/lib/python3.12/site-packages/airflow/example_dags/example_branch_operator.py
[2025-07-15T09:55:59.517+0000] {processor.py:830} INFO - Processing file /home/reach2zeeshan/clinicaltrials/venv/lib/python3.12/site-packages/airflow/example_dags/example_branch_operator.py for tasks to queue
[2025-07-15T09:55:59.518+0000] {logging_mixin.py:188} INFO - [2025-07-15T09:55:59.517+0000] {dagbag.py:545} INFO - Filling up the DagBag from /home/reach2zeeshan/clinicaltrials/venv/lib/python3.12/site-packages/airflow/example_dags/example_branch_operator.py
[2025-07-15T09:55:59.556+0000] {processor.py:842} WARNING - No viable dags retrieved from /home/reach2zeeshan/clinicaltrials/venv/lib/python3.12/site-packages/airflow/example_dags/example_branch_operator.py
[2025-07-15T09:55:59.570+0000] {processor.py:183} INFO - Processing /home/reach2zeeshan/clinicaltrials/venv/lib/python3.12/site-packages/airflow/example_dags/example_branch_operator.py took 0.061 seconds
[2025-07-15T09:57:03.769+0000] {processor.py:161} INFO - Started process (PID=8836) to work on /home/reach2zeeshan/clinicaltrials/venv/lib/python3.12/site-packages/airflow/example_dags/example_branch_operator.py
[2025-07-15T09:57:03.770+0000] {processor.py:830} INFO - Processing file /home/reach2zeeshan/clinicaltrials/venv/lib/python3.12/site-packages/airflow/example_dags/example_branch_operator.py for tasks to queue
[2025-07-15T09:57:03.771+0000] {logging_mixin.py:188} INFO - [2025-07-15T09:57:03.770+0000] {dagbag.py:545} INFO - Filling up the DagBag from /home/reach2zeeshan/clinicaltrials/venv/lib/python3.12/site-packages/airflow/example_dags/example_branch_operator.py
[2025-07-15T09:57:03.797+0000] {processor.py:842} WARNING - No viable dags retrieved from /home/reach2zeeshan/clinicaltrials/venv/lib/python3.12/site-packages/airflow/example_dags/example_branch_operator.py
[2025-07-15T09:57:03.806+0000] {processor.py:183} INFO - Processing /home/reach2zeeshan/clinicaltrials/venv/lib/python3.12/site-packages/airflow/example_dags/example_branch_operator.py took 0.041 seconds
[2025-07-15T09:58:12.331+0000] {processor.py:161} INFO - Started process (PID=8919) to work on /home/reach2zeeshan/clinicaltrials/venv/lib/python3.12/site-packages/airflow/example_dags/example_branch_operator.py
[2025-07-15T09:58:12.334+0000] {processor.py:830} INFO - Processing file /home/reach2zeeshan/clinicaltrials/venv/lib/python3.12/site-packages/airflow/example_dags/example_branch_operator.py for tasks to queue
[2025-07-15T09:58:12.335+0000] {logging_mixin.py:188} INFO - [2025-07-15T09:58:12.334+0000] {dagbag.py:545} INFO - Filling up the DagBag from /home/reach2zeeshan/clinicaltrials/venv/lib/python3.12/site-packages/airflow/example_dags/example_branch_operator.py
[2025-07-15T09:58:12.359+0000] {processor.py:842} WARNING - No viable dags retrieved from /home/reach2zeeshan/clinicaltrials/venv/lib/python3.12/site-packages/airflow/example_dags/example_branch_operator.py
[2025-07-15T09:58:12.368+0000] {processor.py:183} INFO - Processing /home/reach2zeeshan/clinicaltrials/venv/lib/python3.12/site-packages/airflow/example_dags/example_branch_operator.py took 0.042 seconds
[2025-07-15T09:59:15.712+0000] {processor.py:161} INFO - Started process (PID=8991) to work on /home/reach2zeeshan/clinicaltrials/venv/lib/python3.12/site-packages/airflow/example_dags/example_branch_operator.py
[2025-07-15T09:59:15.716+0000] {processor.py:830} INFO - Processing file /home/reach2zeeshan/clinicaltrials/venv/lib/python3.12/site-packages/airflow/example_dags/example_branch_operator.py for tasks to queue
[2025-07-15T09:59:15.716+0000] {logging_mixin.py:188} INFO - [2025-07-15T09:59:15.716+0000] {dagbag.py:545} INFO - Filling up the DagBag from /home/reach2zeeshan/clinicaltrials/venv/lib/python3.12/site-packages/airflow/example_dags/example_branch_operator.py
[2025-07-15T09:59:15.740+0000] {processor.py:842} WARNING - No viable dags retrieved from /home/reach2zeeshan/clinicaltrials/venv/lib/python3.12/site-packages/airflow/example_dags/example_branch_operator.py
[2025-07-15T09:59:15.750+0000] {processor.py:183} INFO - Processing /home/reach2zeeshan/clinicaltrials/venv/lib/python3.12/site-packages/airflow/example_dags/example_branch_operator.py took 0.042 seconds
[2025-07-15T10:00:20.446+0000] {processor.py:161} INFO - Started process (PID=9060) to work on /home/reach2zeeshan/clinicaltrials/venv/lib/python3.12/site-packages/airflow/example_dags/example_branch_operator.py
[2025-07-15T10:00:20.450+0000] {processor.py:830} INFO - Processing file /home/reach2zeeshan/clinicaltrials/venv/lib/python3.12/site-packages/airflow/example_dags/example_branch_operator.py for tasks to queue
[2025-07-15T10:00:20.451+0000] {logging_mixin.py:188} INFO - [2025-07-15T10:00:20.450+0000] {dagbag.py:545} INFO - Filling up the DagBag from /home/reach2zeeshan/clinicaltrials/venv/lib/python3.12/site-packages/airflow/example_dags/example_branch_operator.py
[2025-07-15T10:00:20.481+0000] {processor.py:842} WARNING - No viable dags retrieved from /home/reach2zeeshan/clinicaltrials/venv/lib/python3.12/site-packages/airflow/example_dags/example_branch_operator.py
[2025-07-15T10:00:20.495+0000] {processor.py:183} INFO - Processing /home/reach2zeeshan/clinicaltrials/venv/lib/python3.12/site-packages/airflow/example_dags/example_branch_operator.py took 0.053 seconds
[2025-07-15T10:01:18.332+0000] {processor.py:161} INFO - Started process (PID=9138) to work on /home/reach2zeeshan/clinicaltrials/venv/lib/python3.12/site-packages/airflow/example_dags/example_branch_operator.py
[2025-07-15T10:01:18.336+0000] {processor.py:830} INFO - Processing file /home/reach2zeeshan/clinicaltrials/venv/lib/python3.12/site-packages/airflow/example_dags/example_branch_operator.py for tasks to queue
[2025-07-15T10:01:18.337+0000] {logging_mixin.py:188} INFO - [2025-07-15T10:01:18.337+0000] {dagbag.py:545} INFO - Filling up the DagBag from /home/reach2zeeshan/clinicaltrials/venv/lib/python3.12/site-packages/airflow/example_dags/example_branch_operator.py
[2025-07-15T10:01:18.385+0000] {processor.py:842} WARNING - No viable dags retrieved from /home/reach2zeeshan/clinicaltrials/venv/lib/python3.12/site-packages/airflow/example_dags/example_branch_operator.py
[2025-07-15T10:01:18.394+0000] {processor.py:183} INFO - Processing /home/reach2zeeshan/clinicaltrials/venv/lib/python3.12/site-packages/airflow/example_dags/example_branch_operator.py took 0.067 seconds
[2025-07-15T10:02:20.797+0000] {processor.py:161} INFO - Started process (PID=9269) to work on /home/reach2zeeshan/clinicaltrials/venv/lib/python3.12/site-packages/airflow/example_dags/example_branch_operator.py
[2025-07-15T10:02:20.798+0000] {processor.py:830} INFO - Processing file /home/reach2zeeshan/clinicaltrials/venv/lib/python3.12/site-packages/airflow/example_dags/example_branch_operator.py for tasks to queue
[2025-07-15T10:02:20.798+0000] {logging_mixin.py:188} INFO - [2025-07-15T10:02:20.798+0000] {dagbag.py:545} INFO - Filling up the DagBag from /home/reach2zeeshan/clinicaltrials/venv/lib/python3.12/site-packages/airflow/example_dags/example_branch_operator.py
[2025-07-15T10:02:20.843+0000] {processor.py:842} WARNING - No viable dags retrieved from /home/reach2zeeshan/clinicaltrials/venv/lib/python3.12/site-packages/airflow/example_dags/example_branch_operator.py
[2025-07-15T10:02:20.856+0000] {processor.py:183} INFO - Processing /home/reach2zeeshan/clinicaltrials/venv/lib/python3.12/site-packages/airflow/example_dags/example_branch_operator.py took 0.066 seconds
[2025-07-15T10:03:40.984+0000] {processor.py:161} INFO - Started process (PID=9360) to work on /home/reach2zeeshan/clinicaltrials/venv/lib/python3.12/site-packages/airflow/example_dags/example_branch_operator.py
[2025-07-15T10:03:40.987+0000] {processor.py:830} INFO - Processing file /home/reach2zeeshan/clinicaltrials/venv/lib/python3.12/site-packages/airflow/example_dags/example_branch_operator.py for tasks to queue
[2025-07-15T10:03:40.988+0000] {logging_mixin.py:188} INFO - [2025-07-15T10:03:40.988+0000] {dagbag.py:545} INFO - Filling up the DagBag from /home/reach2zeeshan/clinicaltrials/venv/lib/python3.12/site-packages/airflow/example_dags/example_branch_operator.py
[2025-07-15T10:03:41.013+0000] {processor.py:842} WARNING - No viable dags retrieved from /home/reach2zeeshan/clinicaltrials/venv/lib/python3.12/site-packages/airflow/example_dags/example_branch_operator.py
[2025-07-15T10:03:41.022+0000] {processor.py:183} INFO - Processing /home/reach2zeeshan/clinicaltrials/venv/lib/python3.12/site-packages/airflow/example_dags/example_branch_operator.py took 0.043 seconds
[2025-07-15T10:04:41.331+0000] {processor.py:161} INFO - Started process (PID=9425) to work on /home/reach2zeeshan/clinicaltrials/venv/lib/python3.12/site-packages/airflow/example_dags/example_branch_operator.py
[2025-07-15T10:04:41.335+0000] {processor.py:830} INFO - Processing file /home/reach2zeeshan/clinicaltrials/venv/lib/python3.12/site-packages/airflow/example_dags/example_branch_operator.py for tasks to queue
[2025-07-15T10:04:41.336+0000] {logging_mixin.py:188} INFO - [2025-07-15T10:04:41.335+0000] {dagbag.py:545} INFO - Filling up the DagBag from /home/reach2zeeshan/clinicaltrials/venv/lib/python3.12/site-packages/airflow/example_dags/example_branch_operator.py
[2025-07-15T10:04:41.365+0000] {processor.py:842} WARNING - No viable dags retrieved from /home/reach2zeeshan/clinicaltrials/venv/lib/python3.12/site-packages/airflow/example_dags/example_branch_operator.py
[2025-07-15T10:04:41.374+0000] {processor.py:183} INFO - Processing /home/reach2zeeshan/clinicaltrials/venv/lib/python3.12/site-packages/airflow/example_dags/example_branch_operator.py took 0.049 seconds
[2025-07-15T10:05:42.433+0000] {processor.py:161} INFO - Started process (PID=9492) to work on /home/reach2zeeshan/clinicaltrials/venv/lib/python3.12/site-packages/airflow/example_dags/example_branch_operator.py
[2025-07-15T10:05:42.437+0000] {processor.py:830} INFO - Processing file /home/reach2zeeshan/clinicaltrials/venv/lib/python3.12/site-packages/airflow/example_dags/example_branch_operator.py for tasks to queue
[2025-07-15T10:05:42.438+0000] {logging_mixin.py:188} INFO - [2025-07-15T10:05:42.438+0000] {dagbag.py:545} INFO - Filling up the DagBag from /home/reach2zeeshan/clinicaltrials/venv/lib/python3.12/site-packages/airflow/example_dags/example_branch_operator.py
[2025-07-15T10:05:42.474+0000] {processor.py:842} WARNING - No viable dags retrieved from /home/reach2zeeshan/clinicaltrials/venv/lib/python3.12/site-packages/airflow/example_dags/example_branch_operator.py
[2025-07-15T10:05:42.483+0000] {processor.py:183} INFO - Processing /home/reach2zeeshan/clinicaltrials/venv/lib/python3.12/site-packages/airflow/example_dags/example_branch_operator.py took 0.059 seconds
[2025-07-15T10:06:48.453+0000] {processor.py:161} INFO - Started process (PID=9559) to work on /home/reach2zeeshan/clinicaltrials/venv/lib/python3.12/site-packages/airflow/example_dags/example_branch_operator.py
[2025-07-15T10:06:48.456+0000] {processor.py:830} INFO - Processing file /home/reach2zeeshan/clinicaltrials/venv/lib/python3.12/site-packages/airflow/example_dags/example_branch_operator.py for tasks to queue
[2025-07-15T10:06:48.457+0000] {logging_mixin.py:188} INFO - [2025-07-15T10:06:48.457+0000] {dagbag.py:545} INFO - Filling up the DagBag from /home/reach2zeeshan/clinicaltrials/venv/lib/python3.12/site-packages/airflow/example_dags/example_branch_operator.py
[2025-07-15T10:06:48.483+0000] {processor.py:842} WARNING - No viable dags retrieved from /home/reach2zeeshan/clinicaltrials/venv/lib/python3.12/site-packages/airflow/example_dags/example_branch_operator.py
[2025-07-15T10:06:48.492+0000] {processor.py:183} INFO - Processing /home/reach2zeeshan/clinicaltrials/venv/lib/python3.12/site-packages/airflow/example_dags/example_branch_operator.py took 0.044 seconds
[2025-07-15T10:07:49.271+0000] {processor.py:161} INFO - Started process (PID=9624) to work on /home/reach2zeeshan/clinicaltrials/venv/lib/python3.12/site-packages/airflow/example_dags/example_branch_operator.py
[2025-07-15T10:07:49.275+0000] {processor.py:830} INFO - Processing file /home/reach2zeeshan/clinicaltrials/venv/lib/python3.12/site-packages/airflow/example_dags/example_branch_operator.py for tasks to queue
[2025-07-15T10:07:49.276+0000] {logging_mixin.py:188} INFO - [2025-07-15T10:07:49.276+0000] {dagbag.py:545} INFO - Filling up the DagBag from /home/reach2zeeshan/clinicaltrials/venv/lib/python3.12/site-packages/airflow/example_dags/example_branch_operator.py
[2025-07-15T10:07:49.307+0000] {processor.py:842} WARNING - No viable dags retrieved from /home/reach2zeeshan/clinicaltrials/venv/lib/python3.12/site-packages/airflow/example_dags/example_branch_operator.py
[2025-07-15T10:07:49.321+0000] {processor.py:183} INFO - Processing /home/reach2zeeshan/clinicaltrials/venv/lib/python3.12/site-packages/airflow/example_dags/example_branch_operator.py took 0.057 seconds
[2025-07-15T10:08:57.145+0000] {processor.py:161} INFO - Started process (PID=9690) to work on /home/reach2zeeshan/clinicaltrials/venv/lib/python3.12/site-packages/airflow/example_dags/example_branch_operator.py
[2025-07-15T10:08:57.148+0000] {processor.py:830} INFO - Processing file /home/reach2zeeshan/clinicaltrials/venv/lib/python3.12/site-packages/airflow/example_dags/example_branch_operator.py for tasks to queue
[2025-07-15T10:08:57.149+0000] {logging_mixin.py:188} INFO - [2025-07-15T10:08:57.148+0000] {dagbag.py:545} INFO - Filling up the DagBag from /home/reach2zeeshan/clinicaltrials/venv/lib/python3.12/site-packages/airflow/example_dags/example_branch_operator.py
[2025-07-15T10:08:57.186+0000] {processor.py:842} WARNING - No viable dags retrieved from /home/reach2zeeshan/clinicaltrials/venv/lib/python3.12/site-packages/airflow/example_dags/example_branch_operator.py
[2025-07-15T10:08:57.195+0000] {processor.py:183} INFO - Processing /home/reach2zeeshan/clinicaltrials/venv/lib/python3.12/site-packages/airflow/example_dags/example_branch_operator.py took 0.056 seconds
[2025-07-15T10:10:05.480+0000] {processor.py:161} INFO - Started process (PID=9760) to work on /home/reach2zeeshan/clinicaltrials/venv/lib/python3.12/site-packages/airflow/example_dags/example_branch_operator.py
[2025-07-15T10:10:05.482+0000] {processor.py:830} INFO - Processing file /home/reach2zeeshan/clinicaltrials/venv/lib/python3.12/site-packages/airflow/example_dags/example_branch_operator.py for tasks to queue
[2025-07-15T10:10:05.482+0000] {logging_mixin.py:188} INFO - [2025-07-15T10:10:05.482+0000] {dagbag.py:545} INFO - Filling up the DagBag from /home/reach2zeeshan/clinicaltrials/venv/lib/python3.12/site-packages/airflow/example_dags/example_branch_operator.py
[2025-07-15T10:10:05.508+0000] {processor.py:842} WARNING - No viable dags retrieved from /home/reach2zeeshan/clinicaltrials/venv/lib/python3.12/site-packages/airflow/example_dags/example_branch_operator.py
[2025-07-15T10:10:05.517+0000] {processor.py:183} INFO - Processing /home/reach2zeeshan/clinicaltrials/venv/lib/python3.12/site-packages/airflow/example_dags/example_branch_operator.py took 0.042 seconds
[2025-07-15T10:11:43.514+0000] {processor.py:161} INFO - Started process (PID=9876) to work on /home/reach2zeeshan/clinicaltrials/venv/lib/python3.12/site-packages/airflow/example_dags/example_branch_operator.py
[2025-07-15T10:11:43.517+0000] {processor.py:830} INFO - Processing file /home/reach2zeeshan/clinicaltrials/venv/lib/python3.12/site-packages/airflow/example_dags/example_branch_operator.py for tasks to queue
[2025-07-15T10:11:43.518+0000] {logging_mixin.py:188} INFO - [2025-07-15T10:11:43.518+0000] {dagbag.py:545} INFO - Filling up the DagBag from /home/reach2zeeshan/clinicaltrials/venv/lib/python3.12/site-packages/airflow/example_dags/example_branch_operator.py
[2025-07-15T10:11:43.546+0000] {processor.py:842} WARNING - No viable dags retrieved from /home/reach2zeeshan/clinicaltrials/venv/lib/python3.12/site-packages/airflow/example_dags/example_branch_operator.py
[2025-07-15T10:11:43.558+0000] {processor.py:183} INFO - Processing /home/reach2zeeshan/clinicaltrials/venv/lib/python3.12/site-packages/airflow/example_dags/example_branch_operator.py took 0.050 seconds
[2025-07-15T10:12:41.918+0000] {processor.py:161} INFO - Started process (PID=9936) to work on /home/reach2zeeshan/clinicaltrials/venv/lib/python3.12/site-packages/airflow/example_dags/example_branch_operator.py
[2025-07-15T10:12:41.921+0000] {processor.py:830} INFO - Processing file /home/reach2zeeshan/clinicaltrials/venv/lib/python3.12/site-packages/airflow/example_dags/example_branch_operator.py for tasks to queue
[2025-07-15T10:12:41.922+0000] {logging_mixin.py:188} INFO - [2025-07-15T10:12:41.922+0000] {dagbag.py:545} INFO - Filling up the DagBag from /home/reach2zeeshan/clinicaltrials/venv/lib/python3.12/site-packages/airflow/example_dags/example_branch_operator.py
[2025-07-15T10:12:41.950+0000] {processor.py:842} WARNING - No viable dags retrieved from /home/reach2zeeshan/clinicaltrials/venv/lib/python3.12/site-packages/airflow/example_dags/example_branch_operator.py
[2025-07-15T10:12:41.961+0000] {processor.py:183} INFO - Processing /home/reach2zeeshan/clinicaltrials/venv/lib/python3.12/site-packages/airflow/example_dags/example_branch_operator.py took 0.049 seconds
[2025-07-15T10:13:49.570+0000] {processor.py:161} INFO - Started process (PID=10005) to work on /home/reach2zeeshan/clinicaltrials/venv/lib/python3.12/site-packages/airflow/example_dags/example_branch_operator.py
[2025-07-15T10:13:49.573+0000] {processor.py:830} INFO - Processing file /home/reach2zeeshan/clinicaltrials/venv/lib/python3.12/site-packages/airflow/example_dags/example_branch_operator.py for tasks to queue
[2025-07-15T10:13:49.574+0000] {logging_mixin.py:188} INFO - [2025-07-15T10:13:49.574+0000] {dagbag.py:545} INFO - Filling up the DagBag from /home/reach2zeeshan/clinicaltrials/venv/lib/python3.12/site-packages/airflow/example_dags/example_branch_operator.py
[2025-07-15T10:13:49.601+0000] {processor.py:842} WARNING - No viable dags retrieved from /home/reach2zeeshan/clinicaltrials/venv/lib/python3.12/site-packages/airflow/example_dags/example_branch_operator.py
[2025-07-15T10:13:49.610+0000] {processor.py:183} INFO - Processing /home/reach2zeeshan/clinicaltrials/venv/lib/python3.12/site-packages/airflow/example_dags/example_branch_operator.py took 0.053 seconds
[2025-07-15T10:14:58.310+0000] {processor.py:161} INFO - Started process (PID=10077) to work on /home/reach2zeeshan/clinicaltrials/venv/lib/python3.12/site-packages/airflow/example_dags/example_branch_operator.py
[2025-07-15T10:14:58.314+0000] {processor.py:830} INFO - Processing file /home/reach2zeeshan/clinicaltrials/venv/lib/python3.12/site-packages/airflow/example_dags/example_branch_operator.py for tasks to queue
[2025-07-15T10:14:58.314+0000] {logging_mixin.py:188} INFO - [2025-07-15T10:14:58.314+0000] {dagbag.py:545} INFO - Filling up the DagBag from /home/reach2zeeshan/clinicaltrials/venv/lib/python3.12/site-packages/airflow/example_dags/example_branch_operator.py
[2025-07-15T10:14:58.344+0000] {processor.py:842} WARNING - No viable dags retrieved from /home/reach2zeeshan/clinicaltrials/venv/lib/python3.12/site-packages/airflow/example_dags/example_branch_operator.py
[2025-07-15T10:14:58.353+0000] {processor.py:183} INFO - Processing /home/reach2zeeshan/clinicaltrials/venv/lib/python3.12/site-packages/airflow/example_dags/example_branch_operator.py took 0.048 seconds
[2025-07-15T10:16:05.464+0000] {processor.py:161} INFO - Started process (PID=10150) to work on /home/reach2zeeshan/clinicaltrials/venv/lib/python3.12/site-packages/airflow/example_dags/example_branch_operator.py
[2025-07-15T10:16:05.467+0000] {processor.py:830} INFO - Processing file /home/reach2zeeshan/clinicaltrials/venv/lib/python3.12/site-packages/airflow/example_dags/example_branch_operator.py for tasks to queue
[2025-07-15T10:16:05.468+0000] {logging_mixin.py:188} INFO - [2025-07-15T10:16:05.467+0000] {dagbag.py:545} INFO - Filling up the DagBag from /home/reach2zeeshan/clinicaltrials/venv/lib/python3.12/site-packages/airflow/example_dags/example_branch_operator.py
[2025-07-15T10:16:05.510+0000] {processor.py:842} WARNING - No viable dags retrieved from /home/reach2zeeshan/clinicaltrials/venv/lib/python3.12/site-packages/airflow/example_dags/example_branch_operator.py
[2025-07-15T10:16:05.519+0000] {processor.py:183} INFO - Processing /home/reach2zeeshan/clinicaltrials/venv/lib/python3.12/site-packages/airflow/example_dags/example_branch_operator.py took 0.061 seconds
[2025-07-15T10:17:13.940+0000] {processor.py:161} INFO - Started process (PID=10222) to work on /home/reach2zeeshan/clinicaltrials/venv/lib/python3.12/site-packages/airflow/example_dags/example_branch_operator.py
[2025-07-15T10:17:13.941+0000] {processor.py:830} INFO - Processing file /home/reach2zeeshan/clinicaltrials/venv/lib/python3.12/site-packages/airflow/example_dags/example_branch_operator.py for tasks to queue
[2025-07-15T10:17:13.942+0000] {logging_mixin.py:188} INFO - [2025-07-15T10:17:13.942+0000] {dagbag.py:545} INFO - Filling up the DagBag from /home/reach2zeeshan/clinicaltrials/venv/lib/python3.12/site-packages/airflow/example_dags/example_branch_operator.py
[2025-07-15T10:17:13.966+0000] {processor.py:842} WARNING - No viable dags retrieved from /home/reach2zeeshan/clinicaltrials/venv/lib/python3.12/site-packages/airflow/example_dags/example_branch_operator.py
[2025-07-15T10:17:13.978+0000] {processor.py:183} INFO - Processing /home/reach2zeeshan/clinicaltrials/venv/lib/python3.12/site-packages/airflow/example_dags/example_branch_operator.py took 0.044 seconds
[2025-07-15T10:18:17.840+0000] {processor.py:161} INFO - Started process (PID=10309) to work on /home/reach2zeeshan/clinicaltrials/venv/lib/python3.12/site-packages/airflow/example_dags/example_branch_operator.py
[2025-07-15T10:18:17.844+0000] {processor.py:830} INFO - Processing file /home/reach2zeeshan/clinicaltrials/venv/lib/python3.12/site-packages/airflow/example_dags/example_branch_operator.py for tasks to queue
[2025-07-15T10:18:17.845+0000] {logging_mixin.py:188} INFO - [2025-07-15T10:18:17.844+0000] {dagbag.py:545} INFO - Filling up the DagBag from /home/reach2zeeshan/clinicaltrials/venv/lib/python3.12/site-packages/airflow/example_dags/example_branch_operator.py
[2025-07-15T10:18:17.877+0000] {processor.py:842} WARNING - No viable dags retrieved from /home/reach2zeeshan/clinicaltrials/venv/lib/python3.12/site-packages/airflow/example_dags/example_branch_operator.py
[2025-07-15T10:18:17.886+0000] {processor.py:183} INFO - Processing /home/reach2zeeshan/clinicaltrials/venv/lib/python3.12/site-packages/airflow/example_dags/example_branch_operator.py took 0.053 seconds
[2025-07-15T10:19:19.844+0000] {processor.py:161} INFO - Started process (PID=10406) to work on /home/reach2zeeshan/clinicaltrials/venv/lib/python3.12/site-packages/airflow/example_dags/example_branch_operator.py
[2025-07-15T10:19:19.847+0000] {processor.py:830} INFO - Processing file /home/reach2zeeshan/clinicaltrials/venv/lib/python3.12/site-packages/airflow/example_dags/example_branch_operator.py for tasks to queue
[2025-07-15T10:19:19.848+0000] {logging_mixin.py:188} INFO - [2025-07-15T10:19:19.847+0000] {dagbag.py:545} INFO - Filling up the DagBag from /home/reach2zeeshan/clinicaltrials/venv/lib/python3.12/site-packages/airflow/example_dags/example_branch_operator.py
[2025-07-15T10:19:19.877+0000] {processor.py:842} WARNING - No viable dags retrieved from /home/reach2zeeshan/clinicaltrials/venv/lib/python3.12/site-packages/airflow/example_dags/example_branch_operator.py
[2025-07-15T10:19:19.888+0000] {processor.py:183} INFO - Processing /home/reach2zeeshan/clinicaltrials/venv/lib/python3.12/site-packages/airflow/example_dags/example_branch_operator.py took 0.051 seconds
[2025-07-15T10:21:04.020+0000] {processor.py:161} INFO - Started process (PID=468) to work on /home/reach2zeeshan/clinicaltrials/venv/lib/python3.12/site-packages/airflow/example_dags/example_branch_operator.py
[2025-07-15T10:21:04.021+0000] {processor.py:830} INFO - Processing file /home/reach2zeeshan/clinicaltrials/venv/lib/python3.12/site-packages/airflow/example_dags/example_branch_operator.py for tasks to queue
[2025-07-15T10:21:04.023+0000] {logging_mixin.py:188} INFO - [2025-07-15T10:21:04.023+0000] {dagbag.py:545} INFO - Filling up the DagBag from /home/reach2zeeshan/clinicaltrials/venv/lib/python3.12/site-packages/airflow/example_dags/example_branch_operator.py
[2025-07-15T10:21:04.058+0000] {processor.py:842} WARNING - No viable dags retrieved from /home/reach2zeeshan/clinicaltrials/venv/lib/python3.12/site-packages/airflow/example_dags/example_branch_operator.py
[2025-07-15T10:21:04.069+0000] {processor.py:183} INFO - Processing /home/reach2zeeshan/clinicaltrials/venv/lib/python3.12/site-packages/airflow/example_dags/example_branch_operator.py took 0.055 seconds
[2025-07-15T10:22:13.500+0000] {processor.py:161} INFO - Started process (PID=549) to work on /home/reach2zeeshan/clinicaltrials/venv/lib/python3.12/site-packages/airflow/example_dags/example_branch_operator.py
[2025-07-15T10:22:13.502+0000] {processor.py:830} INFO - Processing file /home/reach2zeeshan/clinicaltrials/venv/lib/python3.12/site-packages/airflow/example_dags/example_branch_operator.py for tasks to queue
[2025-07-15T10:22:13.512+0000] {logging_mixin.py:188} INFO - [2025-07-15T10:22:13.503+0000] {dagbag.py:545} INFO - Filling up the DagBag from /home/reach2zeeshan/clinicaltrials/venv/lib/python3.12/site-packages/airflow/example_dags/example_branch_operator.py
[2025-07-15T10:22:13.549+0000] {processor.py:842} WARNING - No viable dags retrieved from /home/reach2zeeshan/clinicaltrials/venv/lib/python3.12/site-packages/airflow/example_dags/example_branch_operator.py
[2025-07-15T10:22:13.560+0000] {processor.py:183} INFO - Processing /home/reach2zeeshan/clinicaltrials/venv/lib/python3.12/site-packages/airflow/example_dags/example_branch_operator.py took 0.066 seconds
[2025-07-15T10:23:04.316+0000] {processor.py:161} INFO - Started process (PID=601) to work on /home/reach2zeeshan/clinicaltrials/venv/lib/python3.12/site-packages/airflow/example_dags/example_branch_operator.py
[2025-07-15T10:23:04.319+0000] {processor.py:830} INFO - Processing file /home/reach2zeeshan/clinicaltrials/venv/lib/python3.12/site-packages/airflow/example_dags/example_branch_operator.py for tasks to queue
[2025-07-15T10:23:04.320+0000] {logging_mixin.py:188} INFO - [2025-07-15T10:23:04.320+0000] {dagbag.py:545} INFO - Filling up the DagBag from /home/reach2zeeshan/clinicaltrials/venv/lib/python3.12/site-packages/airflow/example_dags/example_branch_operator.py
[2025-07-15T10:23:04.346+0000] {processor.py:842} WARNING - No viable dags retrieved from /home/reach2zeeshan/clinicaltrials/venv/lib/python3.12/site-packages/airflow/example_dags/example_branch_operator.py
[2025-07-15T10:23:04.354+0000] {processor.py:183} INFO - Processing /home/reach2zeeshan/clinicaltrials/venv/lib/python3.12/site-packages/airflow/example_dags/example_branch_operator.py took 0.043 seconds
[2025-07-15T10:24:07.749+0000] {processor.py:161} INFO - Started process (PID=666) to work on /home/reach2zeeshan/clinicaltrials/venv/lib/python3.12/site-packages/airflow/example_dags/example_branch_operator.py
[2025-07-15T10:24:07.751+0000] {processor.py:830} INFO - Processing file /home/reach2zeeshan/clinicaltrials/venv/lib/python3.12/site-packages/airflow/example_dags/example_branch_operator.py for tasks to queue
[2025-07-15T10:24:07.752+0000] {logging_mixin.py:188} INFO - [2025-07-15T10:24:07.752+0000] {dagbag.py:545} INFO - Filling up the DagBag from /home/reach2zeeshan/clinicaltrials/venv/lib/python3.12/site-packages/airflow/example_dags/example_branch_operator.py
[2025-07-15T10:24:07.778+0000] {processor.py:842} WARNING - No viable dags retrieved from /home/reach2zeeshan/clinicaltrials/venv/lib/python3.12/site-packages/airflow/example_dags/example_branch_operator.py
[2025-07-15T10:24:07.788+0000] {processor.py:183} INFO - Processing /home/reach2zeeshan/clinicaltrials/venv/lib/python3.12/site-packages/airflow/example_dags/example_branch_operator.py took 0.043 seconds
[2025-07-15T10:25:12.121+0000] {processor.py:161} INFO - Started process (PID=755) to work on /home/reach2zeeshan/clinicaltrials/venv/lib/python3.12/site-packages/airflow/example_dags/example_branch_operator.py
[2025-07-15T10:25:12.125+0000] {processor.py:830} INFO - Processing file /home/reach2zeeshan/clinicaltrials/venv/lib/python3.12/site-packages/airflow/example_dags/example_branch_operator.py for tasks to queue
[2025-07-15T10:25:12.126+0000] {logging_mixin.py:188} INFO - [2025-07-15T10:25:12.126+0000] {dagbag.py:545} INFO - Filling up the DagBag from /home/reach2zeeshan/clinicaltrials/venv/lib/python3.12/site-packages/airflow/example_dags/example_branch_operator.py
[2025-07-15T10:25:12.166+0000] {processor.py:842} WARNING - No viable dags retrieved from /home/reach2zeeshan/clinicaltrials/venv/lib/python3.12/site-packages/airflow/example_dags/example_branch_operator.py
[2025-07-15T10:25:12.176+0000] {processor.py:183} INFO - Processing /home/reach2zeeshan/clinicaltrials/venv/lib/python3.12/site-packages/airflow/example_dags/example_branch_operator.py took 0.060 seconds
[2025-07-15T10:26:24.522+0000] {processor.py:161} INFO - Started process (PID=848) to work on /home/reach2zeeshan/clinicaltrials/venv/lib/python3.12/site-packages/airflow/example_dags/example_branch_operator.py
[2025-07-15T10:26:24.526+0000] {processor.py:830} INFO - Processing file /home/reach2zeeshan/clinicaltrials/venv/lib/python3.12/site-packages/airflow/example_dags/example_branch_operator.py for tasks to queue
[2025-07-15T10:26:24.528+0000] {logging_mixin.py:188} INFO - [2025-07-15T10:26:24.527+0000] {dagbag.py:545} INFO - Filling up the DagBag from /home/reach2zeeshan/clinicaltrials/venv/lib/python3.12/site-packages/airflow/example_dags/example_branch_operator.py
[2025-07-15T10:26:24.553+0000] {processor.py:842} WARNING - No viable dags retrieved from /home/reach2zeeshan/clinicaltrials/venv/lib/python3.12/site-packages/airflow/example_dags/example_branch_operator.py
[2025-07-15T10:26:24.561+0000] {processor.py:183} INFO - Processing /home/reach2zeeshan/clinicaltrials/venv/lib/python3.12/site-packages/airflow/example_dags/example_branch_operator.py took 0.047 seconds
[2025-07-15T10:27:23.576+0000] {processor.py:161} INFO - Started process (PID=918) to work on /home/reach2zeeshan/clinicaltrials/venv/lib/python3.12/site-packages/airflow/example_dags/example_branch_operator.py
[2025-07-15T10:27:23.578+0000] {processor.py:830} INFO - Processing file /home/reach2zeeshan/clinicaltrials/venv/lib/python3.12/site-packages/airflow/example_dags/example_branch_operator.py for tasks to queue
[2025-07-15T10:27:23.580+0000] {logging_mixin.py:188} INFO - [2025-07-15T10:27:23.579+0000] {dagbag.py:545} INFO - Filling up the DagBag from /home/reach2zeeshan/clinicaltrials/venv/lib/python3.12/site-packages/airflow/example_dags/example_branch_operator.py
[2025-07-15T10:27:23.610+0000] {processor.py:842} WARNING - No viable dags retrieved from /home/reach2zeeshan/clinicaltrials/venv/lib/python3.12/site-packages/airflow/example_dags/example_branch_operator.py
[2025-07-15T10:27:23.624+0000] {processor.py:183} INFO - Processing /home/reach2zeeshan/clinicaltrials/venv/lib/python3.12/site-packages/airflow/example_dags/example_branch_operator.py took 0.057 seconds
[2025-07-15T10:28:15.020+0000] {processor.py:161} INFO - Started process (PID=994) to work on /home/reach2zeeshan/clinicaltrials/venv/lib/python3.12/site-packages/airflow/example_dags/example_branch_operator.py
[2025-07-15T10:28:15.023+0000] {processor.py:830} INFO - Processing file /home/reach2zeeshan/clinicaltrials/venv/lib/python3.12/site-packages/airflow/example_dags/example_branch_operator.py for tasks to queue
[2025-07-15T10:28:15.024+0000] {logging_mixin.py:188} INFO - [2025-07-15T10:28:15.024+0000] {dagbag.py:545} INFO - Filling up the DagBag from /home/reach2zeeshan/clinicaltrials/venv/lib/python3.12/site-packages/airflow/example_dags/example_branch_operator.py
[2025-07-15T10:28:15.050+0000] {processor.py:842} WARNING - No viable dags retrieved from /home/reach2zeeshan/clinicaltrials/venv/lib/python3.12/site-packages/airflow/example_dags/example_branch_operator.py
[2025-07-15T10:28:15.059+0000] {processor.py:183} INFO - Processing /home/reach2zeeshan/clinicaltrials/venv/lib/python3.12/site-packages/airflow/example_dags/example_branch_operator.py took 0.043 seconds
[2025-07-15T10:29:21.692+0000] {processor.py:161} INFO - Started process (PID=1077) to work on /home/reach2zeeshan/clinicaltrials/venv/lib/python3.12/site-packages/airflow/example_dags/example_branch_operator.py
[2025-07-15T10:29:21.695+0000] {processor.py:830} INFO - Processing file /home/reach2zeeshan/clinicaltrials/venv/lib/python3.12/site-packages/airflow/example_dags/example_branch_operator.py for tasks to queue
[2025-07-15T10:29:21.696+0000] {logging_mixin.py:188} INFO - [2025-07-15T10:29:21.696+0000] {dagbag.py:545} INFO - Filling up the DagBag from /home/reach2zeeshan/clinicaltrials/venv/lib/python3.12/site-packages/airflow/example_dags/example_branch_operator.py
[2025-07-15T10:29:21.726+0000] {processor.py:842} WARNING - No viable dags retrieved from /home/reach2zeeshan/clinicaltrials/venv/lib/python3.12/site-packages/airflow/example_dags/example_branch_operator.py
[2025-07-15T10:29:21.750+0000] {processor.py:183} INFO - Processing /home/reach2zeeshan/clinicaltrials/venv/lib/python3.12/site-packages/airflow/example_dags/example_branch_operator.py took 0.064 seconds
[2025-07-15T10:30:56.439+0000] {processor.py:161} INFO - Started process (PID=452) to work on /home/reach2zeeshan/clinicaltrials/venv/lib/python3.12/site-packages/airflow/example_dags/example_branch_operator.py
[2025-07-15T10:30:56.442+0000] {processor.py:830} INFO - Processing file /home/reach2zeeshan/clinicaltrials/venv/lib/python3.12/site-packages/airflow/example_dags/example_branch_operator.py for tasks to queue
[2025-07-15T10:30:56.444+0000] {logging_mixin.py:188} INFO - [2025-07-15T10:30:56.443+0000] {dagbag.py:545} INFO - Filling up the DagBag from /home/reach2zeeshan/clinicaltrials/venv/lib/python3.12/site-packages/airflow/example_dags/example_branch_operator.py
[2025-07-15T10:30:56.475+0000] {processor.py:842} WARNING - No viable dags retrieved from /home/reach2zeeshan/clinicaltrials/venv/lib/python3.12/site-packages/airflow/example_dags/example_branch_operator.py
[2025-07-15T10:30:56.486+0000] {processor.py:183} INFO - Processing /home/reach2zeeshan/clinicaltrials/venv/lib/python3.12/site-packages/airflow/example_dags/example_branch_operator.py took 0.054 seconds
[2025-07-15T10:31:47.023+0000] {processor.py:161} INFO - Started process (PID=507) to work on /home/reach2zeeshan/clinicaltrials/venv/lib/python3.12/site-packages/airflow/example_dags/example_branch_operator.py
[2025-07-15T10:31:47.027+0000] {processor.py:830} INFO - Processing file /home/reach2zeeshan/clinicaltrials/venv/lib/python3.12/site-packages/airflow/example_dags/example_branch_operator.py for tasks to queue
[2025-07-15T10:31:47.029+0000] {logging_mixin.py:188} INFO - [2025-07-15T10:31:47.028+0000] {dagbag.py:545} INFO - Filling up the DagBag from /home/reach2zeeshan/clinicaltrials/venv/lib/python3.12/site-packages/airflow/example_dags/example_branch_operator.py
[2025-07-15T10:31:47.074+0000] {processor.py:842} WARNING - No viable dags retrieved from /home/reach2zeeshan/clinicaltrials/venv/lib/python3.12/site-packages/airflow/example_dags/example_branch_operator.py
[2025-07-15T10:31:47.086+0000] {processor.py:183} INFO - Processing /home/reach2zeeshan/clinicaltrials/venv/lib/python3.12/site-packages/airflow/example_dags/example_branch_operator.py took 0.068 seconds
[2025-07-15T10:34:50.979+0000] {processor.py:161} INFO - Started process (PID=803) to work on /home/reach2zeeshan/clinicaltrials/venv/lib/python3.12/site-packages/airflow/example_dags/example_branch_operator.py
[2025-07-15T10:34:50.988+0000] {processor.py:830} INFO - Processing file /home/reach2zeeshan/clinicaltrials/venv/lib/python3.12/site-packages/airflow/example_dags/example_branch_operator.py for tasks to queue
[2025-07-15T10:34:50.990+0000] {logging_mixin.py:188} INFO - [2025-07-15T10:34:50.990+0000] {dagbag.py:545} INFO - Filling up the DagBag from /home/reach2zeeshan/clinicaltrials/venv/lib/python3.12/site-packages/airflow/example_dags/example_branch_operator.py
[2025-07-15T10:34:51.017+0000] {processor.py:842} WARNING - No viable dags retrieved from /home/reach2zeeshan/clinicaltrials/venv/lib/python3.12/site-packages/airflow/example_dags/example_branch_operator.py
[2025-07-15T10:34:51.025+0000] {processor.py:183} INFO - Processing /home/reach2zeeshan/clinicaltrials/venv/lib/python3.12/site-packages/airflow/example_dags/example_branch_operator.py took 0.052 seconds
[2025-07-15T10:35:41.166+0000] {processor.py:161} INFO - Started process (PID=892) to work on /home/reach2zeeshan/clinicaltrials/venv/lib/python3.12/site-packages/airflow/example_dags/example_branch_operator.py
[2025-07-15T10:35:41.169+0000] {processor.py:830} INFO - Processing file /home/reach2zeeshan/clinicaltrials/venv/lib/python3.12/site-packages/airflow/example_dags/example_branch_operator.py for tasks to queue
[2025-07-15T10:35:41.170+0000] {logging_mixin.py:188} INFO - [2025-07-15T10:35:41.170+0000] {dagbag.py:545} INFO - Filling up the DagBag from /home/reach2zeeshan/clinicaltrials/venv/lib/python3.12/site-packages/airflow/example_dags/example_branch_operator.py
[2025-07-15T10:35:41.195+0000] {processor.py:842} WARNING - No viable dags retrieved from /home/reach2zeeshan/clinicaltrials/venv/lib/python3.12/site-packages/airflow/example_dags/example_branch_operator.py
[2025-07-15T10:35:41.203+0000] {processor.py:183} INFO - Processing /home/reach2zeeshan/clinicaltrials/venv/lib/python3.12/site-packages/airflow/example_dags/example_branch_operator.py took 0.043 seconds
[2025-07-15T10:36:46.318+0000] {processor.py:161} INFO - Started process (PID=995) to work on /home/reach2zeeshan/clinicaltrials/venv/lib/python3.12/site-packages/airflow/example_dags/example_branch_operator.py
[2025-07-15T10:36:46.321+0000] {processor.py:830} INFO - Processing file /home/reach2zeeshan/clinicaltrials/venv/lib/python3.12/site-packages/airflow/example_dags/example_branch_operator.py for tasks to queue
[2025-07-15T10:36:46.322+0000] {logging_mixin.py:188} INFO - [2025-07-15T10:36:46.322+0000] {dagbag.py:545} INFO - Filling up the DagBag from /home/reach2zeeshan/clinicaltrials/venv/lib/python3.12/site-packages/airflow/example_dags/example_branch_operator.py
[2025-07-15T10:36:46.348+0000] {processor.py:842} WARNING - No viable dags retrieved from /home/reach2zeeshan/clinicaltrials/venv/lib/python3.12/site-packages/airflow/example_dags/example_branch_operator.py
[2025-07-15T10:36:46.358+0000] {processor.py:183} INFO - Processing /home/reach2zeeshan/clinicaltrials/venv/lib/python3.12/site-packages/airflow/example_dags/example_branch_operator.py took 0.045 seconds
[2025-07-15T10:46:08.941+0000] {processor.py:161} INFO - Started process (PID=1410) to work on /home/reach2zeeshan/clinicaltrials/venv/lib/python3.12/site-packages/airflow/example_dags/example_branch_operator.py
[2025-07-15T10:46:08.945+0000] {processor.py:830} INFO - Processing file /home/reach2zeeshan/clinicaltrials/venv/lib/python3.12/site-packages/airflow/example_dags/example_branch_operator.py for tasks to queue
[2025-07-15T10:46:08.946+0000] {logging_mixin.py:188} INFO - [2025-07-15T10:46:08.946+0000] {dagbag.py:545} INFO - Filling up the DagBag from /home/reach2zeeshan/clinicaltrials/venv/lib/python3.12/site-packages/airflow/example_dags/example_branch_operator.py
[2025-07-15T10:46:08.969+0000] {processor.py:842} WARNING - No viable dags retrieved from /home/reach2zeeshan/clinicaltrials/venv/lib/python3.12/site-packages/airflow/example_dags/example_branch_operator.py
[2025-07-15T10:46:08.977+0000] {processor.py:183} INFO - Processing /home/reach2zeeshan/clinicaltrials/venv/lib/python3.12/site-packages/airflow/example_dags/example_branch_operator.py took 0.041 seconds
[2025-07-15T10:46:59.619+0000] {processor.py:161} INFO - Started process (PID=1479) to work on /home/reach2zeeshan/clinicaltrials/venv/lib/python3.12/site-packages/airflow/example_dags/example_branch_operator.py
[2025-07-15T10:46:59.623+0000] {processor.py:830} INFO - Processing file /home/reach2zeeshan/clinicaltrials/venv/lib/python3.12/site-packages/airflow/example_dags/example_branch_operator.py for tasks to queue
[2025-07-15T10:46:59.624+0000] {logging_mixin.py:188} INFO - [2025-07-15T10:46:59.624+0000] {dagbag.py:545} INFO - Filling up the DagBag from /home/reach2zeeshan/clinicaltrials/venv/lib/python3.12/site-packages/airflow/example_dags/example_branch_operator.py
[2025-07-15T10:46:59.655+0000] {processor.py:842} WARNING - No viable dags retrieved from /home/reach2zeeshan/clinicaltrials/venv/lib/python3.12/site-packages/airflow/example_dags/example_branch_operator.py
[2025-07-15T10:46:59.663+0000] {processor.py:183} INFO - Processing /home/reach2zeeshan/clinicaltrials/venv/lib/python3.12/site-packages/airflow/example_dags/example_branch_operator.py took 0.048 seconds
[2025-07-15T10:48:01.852+0000] {processor.py:161} INFO - Started process (PID=1553) to work on /home/reach2zeeshan/clinicaltrials/venv/lib/python3.12/site-packages/airflow/example_dags/example_branch_operator.py
[2025-07-15T10:48:01.855+0000] {processor.py:830} INFO - Processing file /home/reach2zeeshan/clinicaltrials/venv/lib/python3.12/site-packages/airflow/example_dags/example_branch_operator.py for tasks to queue
[2025-07-15T10:48:01.857+0000] {logging_mixin.py:188} INFO - [2025-07-15T10:48:01.857+0000] {dagbag.py:545} INFO - Filling up the DagBag from /home/reach2zeeshan/clinicaltrials/venv/lib/python3.12/site-packages/airflow/example_dags/example_branch_operator.py
[2025-07-15T10:48:01.881+0000] {processor.py:842} WARNING - No viable dags retrieved from /home/reach2zeeshan/clinicaltrials/venv/lib/python3.12/site-packages/airflow/example_dags/example_branch_operator.py
[2025-07-15T10:48:01.891+0000] {processor.py:183} INFO - Processing /home/reach2zeeshan/clinicaltrials/venv/lib/python3.12/site-packages/airflow/example_dags/example_branch_operator.py took 0.043 seconds
[2025-07-15T10:49:08.335+0000] {processor.py:161} INFO - Started process (PID=1620) to work on /home/reach2zeeshan/clinicaltrials/venv/lib/python3.12/site-packages/airflow/example_dags/example_branch_operator.py
[2025-07-15T10:49:08.337+0000] {processor.py:830} INFO - Processing file /home/reach2zeeshan/clinicaltrials/venv/lib/python3.12/site-packages/airflow/example_dags/example_branch_operator.py for tasks to queue
[2025-07-15T10:49:08.339+0000] {logging_mixin.py:188} INFO - [2025-07-15T10:49:08.339+0000] {dagbag.py:545} INFO - Filling up the DagBag from /home/reach2zeeshan/clinicaltrials/venv/lib/python3.12/site-packages/airflow/example_dags/example_branch_operator.py
[2025-07-15T10:49:08.370+0000] {processor.py:842} WARNING - No viable dags retrieved from /home/reach2zeeshan/clinicaltrials/venv/lib/python3.12/site-packages/airflow/example_dags/example_branch_operator.py
[2025-07-15T10:49:08.380+0000] {processor.py:183} INFO - Processing /home/reach2zeeshan/clinicaltrials/venv/lib/python3.12/site-packages/airflow/example_dags/example_branch_operator.py took 0.051 seconds
[2025-07-15T10:50:13.791+0000] {processor.py:161} INFO - Started process (PID=1701) to work on /home/reach2zeeshan/clinicaltrials/venv/lib/python3.12/site-packages/airflow/example_dags/example_branch_operator.py
[2025-07-15T10:50:13.793+0000] {processor.py:830} INFO - Processing file /home/reach2zeeshan/clinicaltrials/venv/lib/python3.12/site-packages/airflow/example_dags/example_branch_operator.py for tasks to queue
[2025-07-15T10:50:13.794+0000] {logging_mixin.py:188} INFO - [2025-07-15T10:50:13.794+0000] {dagbag.py:545} INFO - Filling up the DagBag from /home/reach2zeeshan/clinicaltrials/venv/lib/python3.12/site-packages/airflow/example_dags/example_branch_operator.py
[2025-07-15T10:50:13.823+0000] {processor.py:842} WARNING - No viable dags retrieved from /home/reach2zeeshan/clinicaltrials/venv/lib/python3.12/site-packages/airflow/example_dags/example_branch_operator.py
[2025-07-15T10:50:13.836+0000] {processor.py:183} INFO - Processing /home/reach2zeeshan/clinicaltrials/venv/lib/python3.12/site-packages/airflow/example_dags/example_branch_operator.py took 0.050 seconds
[2025-07-15T10:51:19.372+0000] {processor.py:161} INFO - Started process (PID=1782) to work on /home/reach2zeeshan/clinicaltrials/venv/lib/python3.12/site-packages/airflow/example_dags/example_branch_operator.py
[2025-07-15T10:51:19.375+0000] {processor.py:830} INFO - Processing file /home/reach2zeeshan/clinicaltrials/venv/lib/python3.12/site-packages/airflow/example_dags/example_branch_operator.py for tasks to queue
[2025-07-15T10:51:19.376+0000] {logging_mixin.py:188} INFO - [2025-07-15T10:51:19.376+0000] {dagbag.py:545} INFO - Filling up the DagBag from /home/reach2zeeshan/clinicaltrials/venv/lib/python3.12/site-packages/airflow/example_dags/example_branch_operator.py
[2025-07-15T10:51:19.412+0000] {processor.py:842} WARNING - No viable dags retrieved from /home/reach2zeeshan/clinicaltrials/venv/lib/python3.12/site-packages/airflow/example_dags/example_branch_operator.py
[2025-07-15T10:51:19.421+0000] {processor.py:183} INFO - Processing /home/reach2zeeshan/clinicaltrials/venv/lib/python3.12/site-packages/airflow/example_dags/example_branch_operator.py took 0.054 seconds
[2025-07-15T10:52:28.184+0000] {processor.py:161} INFO - Started process (PID=1859) to work on /home/reach2zeeshan/clinicaltrials/venv/lib/python3.12/site-packages/airflow/example_dags/example_branch_operator.py
[2025-07-15T10:52:28.187+0000] {processor.py:830} INFO - Processing file /home/reach2zeeshan/clinicaltrials/venv/lib/python3.12/site-packages/airflow/example_dags/example_branch_operator.py for tasks to queue
[2025-07-15T10:52:28.188+0000] {logging_mixin.py:188} INFO - [2025-07-15T10:52:28.187+0000] {dagbag.py:545} INFO - Filling up the DagBag from /home/reach2zeeshan/clinicaltrials/venv/lib/python3.12/site-packages/airflow/example_dags/example_branch_operator.py
[2025-07-15T10:52:28.214+0000] {processor.py:842} WARNING - No viable dags retrieved from /home/reach2zeeshan/clinicaltrials/venv/lib/python3.12/site-packages/airflow/example_dags/example_branch_operator.py
[2025-07-15T10:52:28.223+0000] {processor.py:183} INFO - Processing /home/reach2zeeshan/clinicaltrials/venv/lib/python3.12/site-packages/airflow/example_dags/example_branch_operator.py took 0.044 seconds
[2025-07-15T10:53:30.265+0000] {processor.py:161} INFO - Started process (PID=1922) to work on /home/reach2zeeshan/clinicaltrials/venv/lib/python3.12/site-packages/airflow/example_dags/example_branch_operator.py
[2025-07-15T10:53:30.268+0000] {processor.py:830} INFO - Processing file /home/reach2zeeshan/clinicaltrials/venv/lib/python3.12/site-packages/airflow/example_dags/example_branch_operator.py for tasks to queue
[2025-07-15T10:53:30.269+0000] {logging_mixin.py:188} INFO - [2025-07-15T10:53:30.268+0000] {dagbag.py:545} INFO - Filling up the DagBag from /home/reach2zeeshan/clinicaltrials/venv/lib/python3.12/site-packages/airflow/example_dags/example_branch_operator.py
[2025-07-15T10:53:30.294+0000] {processor.py:842} WARNING - No viable dags retrieved from /home/reach2zeeshan/clinicaltrials/venv/lib/python3.12/site-packages/airflow/example_dags/example_branch_operator.py
[2025-07-15T10:53:30.302+0000] {processor.py:183} INFO - Processing /home/reach2zeeshan/clinicaltrials/venv/lib/python3.12/site-packages/airflow/example_dags/example_branch_operator.py took 0.042 seconds
[2025-07-15T10:54:35.108+0000] {processor.py:161} INFO - Started process (PID=1995) to work on /home/reach2zeeshan/clinicaltrials/venv/lib/python3.12/site-packages/airflow/example_dags/example_branch_operator.py
[2025-07-15T10:54:35.111+0000] {processor.py:830} INFO - Processing file /home/reach2zeeshan/clinicaltrials/venv/lib/python3.12/site-packages/airflow/example_dags/example_branch_operator.py for tasks to queue
[2025-07-15T10:54:35.112+0000] {logging_mixin.py:188} INFO - [2025-07-15T10:54:35.112+0000] {dagbag.py:545} INFO - Filling up the DagBag from /home/reach2zeeshan/clinicaltrials/venv/lib/python3.12/site-packages/airflow/example_dags/example_branch_operator.py
[2025-07-15T10:54:35.137+0000] {processor.py:842} WARNING - No viable dags retrieved from /home/reach2zeeshan/clinicaltrials/venv/lib/python3.12/site-packages/airflow/example_dags/example_branch_operator.py
[2025-07-15T10:54:35.148+0000] {processor.py:183} INFO - Processing /home/reach2zeeshan/clinicaltrials/venv/lib/python3.12/site-packages/airflow/example_dags/example_branch_operator.py took 0.045 seconds
[2025-07-15T10:55:32.191+0000] {processor.py:161} INFO - Started process (PID=2088) to work on /home/reach2zeeshan/clinicaltrials/venv/lib/python3.12/site-packages/airflow/example_dags/example_branch_operator.py
[2025-07-15T10:55:32.192+0000] {processor.py:830} INFO - Processing file /home/reach2zeeshan/clinicaltrials/venv/lib/python3.12/site-packages/airflow/example_dags/example_branch_operator.py for tasks to queue
[2025-07-15T10:55:32.193+0000] {logging_mixin.py:188} INFO - [2025-07-15T10:55:32.193+0000] {dagbag.py:545} INFO - Filling up the DagBag from /home/reach2zeeshan/clinicaltrials/venv/lib/python3.12/site-packages/airflow/example_dags/example_branch_operator.py
[2025-07-15T10:55:32.218+0000] {processor.py:842} WARNING - No viable dags retrieved from /home/reach2zeeshan/clinicaltrials/venv/lib/python3.12/site-packages/airflow/example_dags/example_branch_operator.py
[2025-07-15T10:55:32.232+0000] {processor.py:183} INFO - Processing /home/reach2zeeshan/clinicaltrials/venv/lib/python3.12/site-packages/airflow/example_dags/example_branch_operator.py took 0.046 seconds
[2025-07-15T10:56:27.264+0000] {processor.py:161} INFO - Started process (PID=2157) to work on /home/reach2zeeshan/clinicaltrials/venv/lib/python3.12/site-packages/airflow/example_dags/example_branch_operator.py
[2025-07-15T10:56:27.267+0000] {processor.py:830} INFO - Processing file /home/reach2zeeshan/clinicaltrials/venv/lib/python3.12/site-packages/airflow/example_dags/example_branch_operator.py for tasks to queue
[2025-07-15T10:56:27.269+0000] {logging_mixin.py:188} INFO - [2025-07-15T10:56:27.268+0000] {dagbag.py:545} INFO - Filling up the DagBag from /home/reach2zeeshan/clinicaltrials/venv/lib/python3.12/site-packages/airflow/example_dags/example_branch_operator.py
[2025-07-15T10:56:27.308+0000] {processor.py:842} WARNING - No viable dags retrieved from /home/reach2zeeshan/clinicaltrials/venv/lib/python3.12/site-packages/airflow/example_dags/example_branch_operator.py
[2025-07-15T10:56:27.321+0000] {processor.py:183} INFO - Processing /home/reach2zeeshan/clinicaltrials/venv/lib/python3.12/site-packages/airflow/example_dags/example_branch_operator.py took 0.063 seconds
[2025-07-15T10:57:34.326+0000] {processor.py:161} INFO - Started process (PID=2230) to work on /home/reach2zeeshan/clinicaltrials/venv/lib/python3.12/site-packages/airflow/example_dags/example_branch_operator.py
[2025-07-15T10:57:34.327+0000] {processor.py:830} INFO - Processing file /home/reach2zeeshan/clinicaltrials/venv/lib/python3.12/site-packages/airflow/example_dags/example_branch_operator.py for tasks to queue
[2025-07-15T10:57:34.328+0000] {logging_mixin.py:188} INFO - [2025-07-15T10:57:34.328+0000] {dagbag.py:545} INFO - Filling up the DagBag from /home/reach2zeeshan/clinicaltrials/venv/lib/python3.12/site-packages/airflow/example_dags/example_branch_operator.py
[2025-07-15T10:57:34.358+0000] {processor.py:842} WARNING - No viable dags retrieved from /home/reach2zeeshan/clinicaltrials/venv/lib/python3.12/site-packages/airflow/example_dags/example_branch_operator.py
[2025-07-15T10:57:34.371+0000] {processor.py:183} INFO - Processing /home/reach2zeeshan/clinicaltrials/venv/lib/python3.12/site-packages/airflow/example_dags/example_branch_operator.py took 0.051 seconds
[2025-07-15T10:58:42.400+0000] {processor.py:161} INFO - Started process (PID=2496) to work on /home/reach2zeeshan/clinicaltrials/venv/lib/python3.12/site-packages/airflow/example_dags/example_branch_operator.py
[2025-07-15T10:58:42.404+0000] {processor.py:830} INFO - Processing file /home/reach2zeeshan/clinicaltrials/venv/lib/python3.12/site-packages/airflow/example_dags/example_branch_operator.py for tasks to queue
[2025-07-15T10:58:42.405+0000] {logging_mixin.py:188} INFO - [2025-07-15T10:58:42.404+0000] {dagbag.py:545} INFO - Filling up the DagBag from /home/reach2zeeshan/clinicaltrials/venv/lib/python3.12/site-packages/airflow/example_dags/example_branch_operator.py
[2025-07-15T10:58:42.432+0000] {processor.py:842} WARNING - No viable dags retrieved from /home/reach2zeeshan/clinicaltrials/venv/lib/python3.12/site-packages/airflow/example_dags/example_branch_operator.py
[2025-07-15T10:58:42.440+0000] {processor.py:183} INFO - Processing /home/reach2zeeshan/clinicaltrials/venv/lib/python3.12/site-packages/airflow/example_dags/example_branch_operator.py took 0.044 seconds
[2025-07-15T10:59:49.493+0000] {processor.py:161} INFO - Started process (PID=2572) to work on /home/reach2zeeshan/clinicaltrials/venv/lib/python3.12/site-packages/airflow/example_dags/example_branch_operator.py
[2025-07-15T10:59:49.497+0000] {processor.py:830} INFO - Processing file /home/reach2zeeshan/clinicaltrials/venv/lib/python3.12/site-packages/airflow/example_dags/example_branch_operator.py for tasks to queue
[2025-07-15T10:59:49.498+0000] {logging_mixin.py:188} INFO - [2025-07-15T10:59:49.497+0000] {dagbag.py:545} INFO - Filling up the DagBag from /home/reach2zeeshan/clinicaltrials/venv/lib/python3.12/site-packages/airflow/example_dags/example_branch_operator.py
[2025-07-15T10:59:49.552+0000] {processor.py:842} WARNING - No viable dags retrieved from /home/reach2zeeshan/clinicaltrials/venv/lib/python3.12/site-packages/airflow/example_dags/example_branch_operator.py
[2025-07-15T10:59:49.567+0000] {processor.py:183} INFO - Processing /home/reach2zeeshan/clinicaltrials/venv/lib/python3.12/site-packages/airflow/example_dags/example_branch_operator.py took 0.081 seconds
[2025-07-15T11:00:55.771+0000] {processor.py:161} INFO - Started process (PID=2651) to work on /home/reach2zeeshan/clinicaltrials/venv/lib/python3.12/site-packages/airflow/example_dags/example_branch_operator.py
[2025-07-15T11:00:55.775+0000] {processor.py:830} INFO - Processing file /home/reach2zeeshan/clinicaltrials/venv/lib/python3.12/site-packages/airflow/example_dags/example_branch_operator.py for tasks to queue
[2025-07-15T11:00:55.777+0000] {logging_mixin.py:188} INFO - [2025-07-15T11:00:55.776+0000] {dagbag.py:545} INFO - Filling up the DagBag from /home/reach2zeeshan/clinicaltrials/venv/lib/python3.12/site-packages/airflow/example_dags/example_branch_operator.py
[2025-07-15T11:00:55.810+0000] {processor.py:842} WARNING - No viable dags retrieved from /home/reach2zeeshan/clinicaltrials/venv/lib/python3.12/site-packages/airflow/example_dags/example_branch_operator.py
[2025-07-15T11:00:55.818+0000] {processor.py:183} INFO - Processing /home/reach2zeeshan/clinicaltrials/venv/lib/python3.12/site-packages/airflow/example_dags/example_branch_operator.py took 0.058 seconds
[2025-07-15T11:02:05.371+0000] {processor.py:161} INFO - Started process (PID=2729) to work on /home/reach2zeeshan/clinicaltrials/venv/lib/python3.12/site-packages/airflow/example_dags/example_branch_operator.py
[2025-07-15T11:02:05.373+0000] {processor.py:830} INFO - Processing file /home/reach2zeeshan/clinicaltrials/venv/lib/python3.12/site-packages/airflow/example_dags/example_branch_operator.py for tasks to queue
[2025-07-15T11:02:05.373+0000] {logging_mixin.py:188} INFO - [2025-07-15T11:02:05.373+0000] {dagbag.py:545} INFO - Filling up the DagBag from /home/reach2zeeshan/clinicaltrials/venv/lib/python3.12/site-packages/airflow/example_dags/example_branch_operator.py
[2025-07-15T11:02:05.399+0000] {processor.py:842} WARNING - No viable dags retrieved from /home/reach2zeeshan/clinicaltrials/venv/lib/python3.12/site-packages/airflow/example_dags/example_branch_operator.py
[2025-07-15T11:02:05.408+0000] {processor.py:183} INFO - Processing /home/reach2zeeshan/clinicaltrials/venv/lib/python3.12/site-packages/airflow/example_dags/example_branch_operator.py took 0.042 seconds
[2025-07-15T11:03:11.553+0000] {processor.py:161} INFO - Started process (PID=2819) to work on /home/reach2zeeshan/clinicaltrials/venv/lib/python3.12/site-packages/airflow/example_dags/example_branch_operator.py
[2025-07-15T11:03:11.554+0000] {processor.py:830} INFO - Processing file /home/reach2zeeshan/clinicaltrials/venv/lib/python3.12/site-packages/airflow/example_dags/example_branch_operator.py for tasks to queue
[2025-07-15T11:03:11.555+0000] {logging_mixin.py:188} INFO - [2025-07-15T11:03:11.555+0000] {dagbag.py:545} INFO - Filling up the DagBag from /home/reach2zeeshan/clinicaltrials/venv/lib/python3.12/site-packages/airflow/example_dags/example_branch_operator.py
[2025-07-15T11:03:11.582+0000] {processor.py:842} WARNING - No viable dags retrieved from /home/reach2zeeshan/clinicaltrials/venv/lib/python3.12/site-packages/airflow/example_dags/example_branch_operator.py
[2025-07-15T11:03:11.590+0000] {processor.py:183} INFO - Processing /home/reach2zeeshan/clinicaltrials/venv/lib/python3.12/site-packages/airflow/example_dags/example_branch_operator.py took 0.043 seconds
[2025-07-15T11:04:20.918+0000] {processor.py:161} INFO - Started process (PID=2889) to work on /home/reach2zeeshan/clinicaltrials/venv/lib/python3.12/site-packages/airflow/example_dags/example_branch_operator.py
[2025-07-15T11:04:20.925+0000] {processor.py:830} INFO - Processing file /home/reach2zeeshan/clinicaltrials/venv/lib/python3.12/site-packages/airflow/example_dags/example_branch_operator.py for tasks to queue
[2025-07-15T11:04:20.926+0000] {logging_mixin.py:188} INFO - [2025-07-15T11:04:20.926+0000] {dagbag.py:545} INFO - Filling up the DagBag from /home/reach2zeeshan/clinicaltrials/venv/lib/python3.12/site-packages/airflow/example_dags/example_branch_operator.py
[2025-07-15T11:04:20.982+0000] {processor.py:842} WARNING - No viable dags retrieved from /home/reach2zeeshan/clinicaltrials/venv/lib/python3.12/site-packages/airflow/example_dags/example_branch_operator.py
[2025-07-15T11:04:20.998+0000] {processor.py:183} INFO - Processing /home/reach2zeeshan/clinicaltrials/venv/lib/python3.12/site-packages/airflow/example_dags/example_branch_operator.py took 0.087 seconds
[2025-07-15T11:05:28.502+0000] {processor.py:161} INFO - Started process (PID=2962) to work on /home/reach2zeeshan/clinicaltrials/venv/lib/python3.12/site-packages/airflow/example_dags/example_branch_operator.py
[2025-07-15T11:05:28.508+0000] {processor.py:830} INFO - Processing file /home/reach2zeeshan/clinicaltrials/venv/lib/python3.12/site-packages/airflow/example_dags/example_branch_operator.py for tasks to queue
[2025-07-15T11:05:28.510+0000] {logging_mixin.py:188} INFO - [2025-07-15T11:05:28.509+0000] {dagbag.py:545} INFO - Filling up the DagBag from /home/reach2zeeshan/clinicaltrials/venv/lib/python3.12/site-packages/airflow/example_dags/example_branch_operator.py
[2025-07-15T11:05:28.556+0000] {processor.py:842} WARNING - No viable dags retrieved from /home/reach2zeeshan/clinicaltrials/venv/lib/python3.12/site-packages/airflow/example_dags/example_branch_operator.py
[2025-07-15T11:05:28.564+0000] {processor.py:183} INFO - Processing /home/reach2zeeshan/clinicaltrials/venv/lib/python3.12/site-packages/airflow/example_dags/example_branch_operator.py took 0.071 seconds
[2025-07-15T11:07:41.713+0000] {processor.py:161} INFO - Started process (PID=3155) to work on /home/reach2zeeshan/clinicaltrials/venv/lib/python3.12/site-packages/airflow/example_dags/example_branch_operator.py
[2025-07-15T11:07:41.716+0000] {processor.py:830} INFO - Processing file /home/reach2zeeshan/clinicaltrials/venv/lib/python3.12/site-packages/airflow/example_dags/example_branch_operator.py for tasks to queue
[2025-07-15T11:07:41.718+0000] {logging_mixin.py:188} INFO - [2025-07-15T11:07:41.717+0000] {dagbag.py:545} INFO - Filling up the DagBag from /home/reach2zeeshan/clinicaltrials/venv/lib/python3.12/site-packages/airflow/example_dags/example_branch_operator.py
[2025-07-15T11:07:41.758+0000] {processor.py:842} WARNING - No viable dags retrieved from /home/reach2zeeshan/clinicaltrials/venv/lib/python3.12/site-packages/airflow/example_dags/example_branch_operator.py
[2025-07-15T11:07:41.771+0000] {processor.py:183} INFO - Processing /home/reach2zeeshan/clinicaltrials/venv/lib/python3.12/site-packages/airflow/example_dags/example_branch_operator.py took 0.064 seconds
[2025-07-15T11:08:36.121+0000] {processor.py:161} INFO - Started process (PID=3211) to work on /home/reach2zeeshan/clinicaltrials/venv/lib/python3.12/site-packages/airflow/example_dags/example_branch_operator.py
[2025-07-15T11:08:36.125+0000] {processor.py:830} INFO - Processing file /home/reach2zeeshan/clinicaltrials/venv/lib/python3.12/site-packages/airflow/example_dags/example_branch_operator.py for tasks to queue
[2025-07-15T11:08:36.126+0000] {logging_mixin.py:188} INFO - [2025-07-15T11:08:36.126+0000] {dagbag.py:545} INFO - Filling up the DagBag from /home/reach2zeeshan/clinicaltrials/venv/lib/python3.12/site-packages/airflow/example_dags/example_branch_operator.py
[2025-07-15T11:08:36.162+0000] {processor.py:842} WARNING - No viable dags retrieved from /home/reach2zeeshan/clinicaltrials/venv/lib/python3.12/site-packages/airflow/example_dags/example_branch_operator.py
[2025-07-15T11:08:36.177+0000] {processor.py:183} INFO - Processing /home/reach2zeeshan/clinicaltrials/venv/lib/python3.12/site-packages/airflow/example_dags/example_branch_operator.py took 0.064 seconds
[2025-07-15T11:09:40.720+0000] {processor.py:161} INFO - Started process (PID=3282) to work on /home/reach2zeeshan/clinicaltrials/venv/lib/python3.12/site-packages/airflow/example_dags/example_branch_operator.py
[2025-07-15T11:09:40.723+0000] {processor.py:830} INFO - Processing file /home/reach2zeeshan/clinicaltrials/venv/lib/python3.12/site-packages/airflow/example_dags/example_branch_operator.py for tasks to queue
[2025-07-15T11:09:40.724+0000] {logging_mixin.py:188} INFO - [2025-07-15T11:09:40.724+0000] {dagbag.py:545} INFO - Filling up the DagBag from /home/reach2zeeshan/clinicaltrials/venv/lib/python3.12/site-packages/airflow/example_dags/example_branch_operator.py
[2025-07-15T11:09:40.753+0000] {processor.py:842} WARNING - No viable dags retrieved from /home/reach2zeeshan/clinicaltrials/venv/lib/python3.12/site-packages/airflow/example_dags/example_branch_operator.py
[2025-07-15T11:09:40.762+0000] {processor.py:183} INFO - Processing /home/reach2zeeshan/clinicaltrials/venv/lib/python3.12/site-packages/airflow/example_dags/example_branch_operator.py took 0.049 seconds
[2025-07-15T11:13:34.944+0000] {processor.py:161} INFO - Started process (PID=512) to work on /home/reach2zeeshan/clinicaltrials/venv/lib/python3.12/site-packages/airflow/example_dags/example_branch_operator.py
[2025-07-15T11:13:34.948+0000] {processor.py:830} INFO - Processing file /home/reach2zeeshan/clinicaltrials/venv/lib/python3.12/site-packages/airflow/example_dags/example_branch_operator.py for tasks to queue
[2025-07-15T11:13:34.949+0000] {logging_mixin.py:188} INFO - [2025-07-15T11:13:34.949+0000] {dagbag.py:545} INFO - Filling up the DagBag from /home/reach2zeeshan/clinicaltrials/venv/lib/python3.12/site-packages/airflow/example_dags/example_branch_operator.py
[2025-07-15T11:13:34.980+0000] {processor.py:842} WARNING - No viable dags retrieved from /home/reach2zeeshan/clinicaltrials/venv/lib/python3.12/site-packages/airflow/example_dags/example_branch_operator.py
[2025-07-15T11:13:34.991+0000] {processor.py:183} INFO - Processing /home/reach2zeeshan/clinicaltrials/venv/lib/python3.12/site-packages/airflow/example_dags/example_branch_operator.py took 0.052 seconds
[2025-07-15T11:14:26.670+0000] {processor.py:161} INFO - Started process (PID=626) to work on /home/reach2zeeshan/clinicaltrials/venv/lib/python3.12/site-packages/airflow/example_dags/example_branch_operator.py
[2025-07-15T11:14:26.673+0000] {processor.py:830} INFO - Processing file /home/reach2zeeshan/clinicaltrials/venv/lib/python3.12/site-packages/airflow/example_dags/example_branch_operator.py for tasks to queue
[2025-07-15T11:14:26.675+0000] {logging_mixin.py:188} INFO - [2025-07-15T11:14:26.674+0000] {dagbag.py:545} INFO - Filling up the DagBag from /home/reach2zeeshan/clinicaltrials/venv/lib/python3.12/site-packages/airflow/example_dags/example_branch_operator.py
[2025-07-15T11:14:26.701+0000] {processor.py:842} WARNING - No viable dags retrieved from /home/reach2zeeshan/clinicaltrials/venv/lib/python3.12/site-packages/airflow/example_dags/example_branch_operator.py
[2025-07-15T11:14:26.709+0000] {processor.py:183} INFO - Processing /home/reach2zeeshan/clinicaltrials/venv/lib/python3.12/site-packages/airflow/example_dags/example_branch_operator.py took 0.045 seconds
[2025-07-15T11:19:43.266+0000] {processor.py:161} INFO - Started process (PID=562) to work on /home/reach2zeeshan/clinicaltrials/venv/lib/python3.12/site-packages/airflow/example_dags/example_branch_operator.py
[2025-07-15T11:19:43.268+0000] {processor.py:830} INFO - Processing file /home/reach2zeeshan/clinicaltrials/venv/lib/python3.12/site-packages/airflow/example_dags/example_branch_operator.py for tasks to queue
[2025-07-15T11:19:43.270+0000] {logging_mixin.py:188} INFO - [2025-07-15T11:19:43.270+0000] {dagbag.py:545} INFO - Filling up the DagBag from /home/reach2zeeshan/clinicaltrials/venv/lib/python3.12/site-packages/airflow/example_dags/example_branch_operator.py
[2025-07-15T11:19:43.307+0000] {processor.py:842} WARNING - No viable dags retrieved from /home/reach2zeeshan/clinicaltrials/venv/lib/python3.12/site-packages/airflow/example_dags/example_branch_operator.py
[2025-07-15T11:19:43.322+0000] {processor.py:183} INFO - Processing /home/reach2zeeshan/clinicaltrials/venv/lib/python3.12/site-packages/airflow/example_dags/example_branch_operator.py took 0.063 seconds
[2025-07-15T11:20:34.997+0000] {processor.py:161} INFO - Started process (PID=618) to work on /home/reach2zeeshan/clinicaltrials/venv/lib/python3.12/site-packages/airflow/example_dags/example_branch_operator.py
[2025-07-15T11:20:34.998+0000] {processor.py:830} INFO - Processing file /home/reach2zeeshan/clinicaltrials/venv/lib/python3.12/site-packages/airflow/example_dags/example_branch_operator.py for tasks to queue
[2025-07-15T11:20:35.001+0000] {logging_mixin.py:188} INFO - [2025-07-15T11:20:35.000+0000] {dagbag.py:545} INFO - Filling up the DagBag from /home/reach2zeeshan/clinicaltrials/venv/lib/python3.12/site-packages/airflow/example_dags/example_branch_operator.py
[2025-07-15T11:20:35.030+0000] {processor.py:842} WARNING - No viable dags retrieved from /home/reach2zeeshan/clinicaltrials/venv/lib/python3.12/site-packages/airflow/example_dags/example_branch_operator.py
[2025-07-15T11:20:35.044+0000] {processor.py:183} INFO - Processing /home/reach2zeeshan/clinicaltrials/venv/lib/python3.12/site-packages/airflow/example_dags/example_branch_operator.py took 0.052 seconds
[2025-07-15T11:21:28.057+0000] {processor.py:161} INFO - Started process (PID=674) to work on /home/reach2zeeshan/clinicaltrials/venv/lib/python3.12/site-packages/airflow/example_dags/example_branch_operator.py
[2025-07-15T11:21:28.061+0000] {processor.py:830} INFO - Processing file /home/reach2zeeshan/clinicaltrials/venv/lib/python3.12/site-packages/airflow/example_dags/example_branch_operator.py for tasks to queue
[2025-07-15T11:21:28.063+0000] {logging_mixin.py:188} INFO - [2025-07-15T11:21:28.063+0000] {dagbag.py:545} INFO - Filling up the DagBag from /home/reach2zeeshan/clinicaltrials/venv/lib/python3.12/site-packages/airflow/example_dags/example_branch_operator.py
[2025-07-15T11:21:28.090+0000] {processor.py:842} WARNING - No viable dags retrieved from /home/reach2zeeshan/clinicaltrials/venv/lib/python3.12/site-packages/airflow/example_dags/example_branch_operator.py
[2025-07-15T11:21:28.100+0000] {processor.py:183} INFO - Processing /home/reach2zeeshan/clinicaltrials/venv/lib/python3.12/site-packages/airflow/example_dags/example_branch_operator.py took 0.052 seconds
[2025-07-15T11:22:34.859+0000] {processor.py:161} INFO - Started process (PID=749) to work on /home/reach2zeeshan/clinicaltrials/venv/lib/python3.12/site-packages/airflow/example_dags/example_branch_operator.py
[2025-07-15T11:22:34.860+0000] {processor.py:830} INFO - Processing file /home/reach2zeeshan/clinicaltrials/venv/lib/python3.12/site-packages/airflow/example_dags/example_branch_operator.py for tasks to queue
[2025-07-15T11:22:34.862+0000] {logging_mixin.py:188} INFO - [2025-07-15T11:22:34.861+0000] {dagbag.py:545} INFO - Filling up the DagBag from /home/reach2zeeshan/clinicaltrials/venv/lib/python3.12/site-packages/airflow/example_dags/example_branch_operator.py
[2025-07-15T11:22:34.896+0000] {processor.py:842} WARNING - No viable dags retrieved from /home/reach2zeeshan/clinicaltrials/venv/lib/python3.12/site-packages/airflow/example_dags/example_branch_operator.py
[2025-07-15T11:22:34.912+0000] {processor.py:183} INFO - Processing /home/reach2zeeshan/clinicaltrials/venv/lib/python3.12/site-packages/airflow/example_dags/example_branch_operator.py took 0.062 seconds
[2025-07-15T11:23:27.520+0000] {processor.py:161} INFO - Started process (PID=805) to work on /home/reach2zeeshan/clinicaltrials/venv/lib/python3.12/site-packages/airflow/example_dags/example_branch_operator.py
[2025-07-15T11:23:27.523+0000] {processor.py:830} INFO - Processing file /home/reach2zeeshan/clinicaltrials/venv/lib/python3.12/site-packages/airflow/example_dags/example_branch_operator.py for tasks to queue
[2025-07-15T11:23:27.524+0000] {logging_mixin.py:188} INFO - [2025-07-15T11:23:27.524+0000] {dagbag.py:545} INFO - Filling up the DagBag from /home/reach2zeeshan/clinicaltrials/venv/lib/python3.12/site-packages/airflow/example_dags/example_branch_operator.py
[2025-07-15T11:23:27.550+0000] {processor.py:842} WARNING - No viable dags retrieved from /home/reach2zeeshan/clinicaltrials/venv/lib/python3.12/site-packages/airflow/example_dags/example_branch_operator.py
[2025-07-15T11:23:27.558+0000] {processor.py:183} INFO - Processing /home/reach2zeeshan/clinicaltrials/venv/lib/python3.12/site-packages/airflow/example_dags/example_branch_operator.py took 0.043 seconds
[2025-07-15T11:24:35.672+0000] {processor.py:161} INFO - Started process (PID=879) to work on /home/reach2zeeshan/clinicaltrials/venv/lib/python3.12/site-packages/airflow/example_dags/example_branch_operator.py
[2025-07-15T11:24:35.676+0000] {processor.py:830} INFO - Processing file /home/reach2zeeshan/clinicaltrials/venv/lib/python3.12/site-packages/airflow/example_dags/example_branch_operator.py for tasks to queue
[2025-07-15T11:24:35.678+0000] {logging_mixin.py:188} INFO - [2025-07-15T11:24:35.677+0000] {dagbag.py:545} INFO - Filling up the DagBag from /home/reach2zeeshan/clinicaltrials/venv/lib/python3.12/site-packages/airflow/example_dags/example_branch_operator.py
[2025-07-15T11:24:35.727+0000] {processor.py:842} WARNING - No viable dags retrieved from /home/reach2zeeshan/clinicaltrials/venv/lib/python3.12/site-packages/airflow/example_dags/example_branch_operator.py
[2025-07-15T11:24:35.736+0000] {processor.py:183} INFO - Processing /home/reach2zeeshan/clinicaltrials/venv/lib/python3.12/site-packages/airflow/example_dags/example_branch_operator.py took 0.071 seconds
[2025-07-15T11:25:49.863+0000] {processor.py:161} INFO - Started process (PID=954) to work on /home/reach2zeeshan/clinicaltrials/venv/lib/python3.12/site-packages/airflow/example_dags/example_branch_operator.py
[2025-07-15T11:25:49.866+0000] {processor.py:830} INFO - Processing file /home/reach2zeeshan/clinicaltrials/venv/lib/python3.12/site-packages/airflow/example_dags/example_branch_operator.py for tasks to queue
[2025-07-15T11:25:49.868+0000] {logging_mixin.py:188} INFO - [2025-07-15T11:25:49.868+0000] {dagbag.py:545} INFO - Filling up the DagBag from /home/reach2zeeshan/clinicaltrials/venv/lib/python3.12/site-packages/airflow/example_dags/example_branch_operator.py
[2025-07-15T11:25:49.895+0000] {processor.py:842} WARNING - No viable dags retrieved from /home/reach2zeeshan/clinicaltrials/venv/lib/python3.12/site-packages/airflow/example_dags/example_branch_operator.py
[2025-07-15T11:25:49.904+0000] {processor.py:183} INFO - Processing /home/reach2zeeshan/clinicaltrials/venv/lib/python3.12/site-packages/airflow/example_dags/example_branch_operator.py took 0.051 seconds
[2025-07-15T11:26:59.909+0000] {processor.py:161} INFO - Started process (PID=1152) to work on /home/reach2zeeshan/clinicaltrials/venv/lib/python3.12/site-packages/airflow/example_dags/example_branch_operator.py
[2025-07-15T11:26:59.916+0000] {processor.py:830} INFO - Processing file /home/reach2zeeshan/clinicaltrials/venv/lib/python3.12/site-packages/airflow/example_dags/example_branch_operator.py for tasks to queue
[2025-07-15T11:26:59.919+0000] {logging_mixin.py:188} INFO - [2025-07-15T11:26:59.918+0000] {dagbag.py:545} INFO - Filling up the DagBag from /home/reach2zeeshan/clinicaltrials/venv/lib/python3.12/site-packages/airflow/example_dags/example_branch_operator.py
[2025-07-15T11:26:59.962+0000] {processor.py:842} WARNING - No viable dags retrieved from /home/reach2zeeshan/clinicaltrials/venv/lib/python3.12/site-packages/airflow/example_dags/example_branch_operator.py
[2025-07-15T11:26:59.974+0000] {processor.py:183} INFO - Processing /home/reach2zeeshan/clinicaltrials/venv/lib/python3.12/site-packages/airflow/example_dags/example_branch_operator.py took 0.080 seconds
[2025-07-15T11:28:08.889+0000] {processor.py:161} INFO - Started process (PID=1806) to work on /home/reach2zeeshan/clinicaltrials/venv/lib/python3.12/site-packages/airflow/example_dags/example_branch_operator.py
[2025-07-15T11:28:08.890+0000] {processor.py:830} INFO - Processing file /home/reach2zeeshan/clinicaltrials/venv/lib/python3.12/site-packages/airflow/example_dags/example_branch_operator.py for tasks to queue
[2025-07-15T11:28:08.891+0000] {logging_mixin.py:188} INFO - [2025-07-15T11:28:08.891+0000] {dagbag.py:545} INFO - Filling up the DagBag from /home/reach2zeeshan/clinicaltrials/venv/lib/python3.12/site-packages/airflow/example_dags/example_branch_operator.py
[2025-07-15T11:28:08.922+0000] {processor.py:842} WARNING - No viable dags retrieved from /home/reach2zeeshan/clinicaltrials/venv/lib/python3.12/site-packages/airflow/example_dags/example_branch_operator.py
[2025-07-15T11:28:08.934+0000] {processor.py:183} INFO - Processing /home/reach2zeeshan/clinicaltrials/venv/lib/python3.12/site-packages/airflow/example_dags/example_branch_operator.py took 0.050 seconds
[2025-07-15T11:29:15.083+0000] {processor.py:161} INFO - Started process (PID=1882) to work on /home/reach2zeeshan/clinicaltrials/venv/lib/python3.12/site-packages/airflow/example_dags/example_branch_operator.py
[2025-07-15T11:29:15.087+0000] {processor.py:830} INFO - Processing file /home/reach2zeeshan/clinicaltrials/venv/lib/python3.12/site-packages/airflow/example_dags/example_branch_operator.py for tasks to queue
[2025-07-15T11:29:15.089+0000] {logging_mixin.py:188} INFO - [2025-07-15T11:29:15.089+0000] {dagbag.py:545} INFO - Filling up the DagBag from /home/reach2zeeshan/clinicaltrials/venv/lib/python3.12/site-packages/airflow/example_dags/example_branch_operator.py
[2025-07-15T11:29:15.122+0000] {processor.py:842} WARNING - No viable dags retrieved from /home/reach2zeeshan/clinicaltrials/venv/lib/python3.12/site-packages/airflow/example_dags/example_branch_operator.py
[2025-07-15T11:29:15.134+0000] {processor.py:183} INFO - Processing /home/reach2zeeshan/clinicaltrials/venv/lib/python3.12/site-packages/airflow/example_dags/example_branch_operator.py took 0.059 seconds
[2025-07-15T12:15:31.094+0000] {processor.py:161} INFO - Started process (PID=1077) to work on /home/reach2zeeshan/clinicaltrials/venv/lib/python3.12/site-packages/airflow/example_dags/example_branch_operator.py
[2025-07-15T12:15:31.099+0000] {processor.py:830} INFO - Processing file /home/reach2zeeshan/clinicaltrials/venv/lib/python3.12/site-packages/airflow/example_dags/example_branch_operator.py for tasks to queue
[2025-07-15T12:15:31.099+0000] {logging_mixin.py:188} INFO - [2025-07-15T12:15:31.099+0000] {dagbag.py:545} INFO - Filling up the DagBag from /home/reach2zeeshan/clinicaltrials/venv/lib/python3.12/site-packages/airflow/example_dags/example_branch_operator.py
[2025-07-15T12:15:31.130+0000] {processor.py:842} WARNING - No viable dags retrieved from /home/reach2zeeshan/clinicaltrials/venv/lib/python3.12/site-packages/airflow/example_dags/example_branch_operator.py
[2025-07-15T12:15:31.140+0000] {processor.py:183} INFO - Processing /home/reach2zeeshan/clinicaltrials/venv/lib/python3.12/site-packages/airflow/example_dags/example_branch_operator.py took 0.051 seconds
[2025-07-15T12:16:23.552+0000] {processor.py:161} INFO - Started process (PID=1134) to work on /home/reach2zeeshan/clinicaltrials/venv/lib/python3.12/site-packages/airflow/example_dags/example_branch_operator.py
[2025-07-15T12:16:23.553+0000] {processor.py:830} INFO - Processing file /home/reach2zeeshan/clinicaltrials/venv/lib/python3.12/site-packages/airflow/example_dags/example_branch_operator.py for tasks to queue
[2025-07-15T12:16:23.554+0000] {logging_mixin.py:188} INFO - [2025-07-15T12:16:23.554+0000] {dagbag.py:545} INFO - Filling up the DagBag from /home/reach2zeeshan/clinicaltrials/venv/lib/python3.12/site-packages/airflow/example_dags/example_branch_operator.py
[2025-07-15T12:16:23.620+0000] {processor.py:842} WARNING - No viable dags retrieved from /home/reach2zeeshan/clinicaltrials/venv/lib/python3.12/site-packages/airflow/example_dags/example_branch_operator.py
[2025-07-15T12:16:23.628+0000] {processor.py:183} INFO - Processing /home/reach2zeeshan/clinicaltrials/venv/lib/python3.12/site-packages/airflow/example_dags/example_branch_operator.py took 0.081 seconds
[2025-07-15T12:17:26.214+0000] {processor.py:161} INFO - Started process (PID=1205) to work on /home/reach2zeeshan/clinicaltrials/venv/lib/python3.12/site-packages/airflow/example_dags/example_branch_operator.py
[2025-07-15T12:17:26.217+0000] {processor.py:830} INFO - Processing file /home/reach2zeeshan/clinicaltrials/venv/lib/python3.12/site-packages/airflow/example_dags/example_branch_operator.py for tasks to queue
[2025-07-15T12:17:26.218+0000] {logging_mixin.py:188} INFO - [2025-07-15T12:17:26.218+0000] {dagbag.py:545} INFO - Filling up the DagBag from /home/reach2zeeshan/clinicaltrials/venv/lib/python3.12/site-packages/airflow/example_dags/example_branch_operator.py
[2025-07-15T12:17:26.251+0000] {processor.py:842} WARNING - No viable dags retrieved from /home/reach2zeeshan/clinicaltrials/venv/lib/python3.12/site-packages/airflow/example_dags/example_branch_operator.py
[2025-07-15T12:17:26.259+0000] {processor.py:183} INFO - Processing /home/reach2zeeshan/clinicaltrials/venv/lib/python3.12/site-packages/airflow/example_dags/example_branch_operator.py took 0.050 seconds
[2025-07-15T12:18:39.483+0000] {processor.py:161} INFO - Started process (PID=1282) to work on /home/reach2zeeshan/clinicaltrials/venv/lib/python3.12/site-packages/airflow/example_dags/example_branch_operator.py
[2025-07-15T12:18:39.486+0000] {processor.py:830} INFO - Processing file /home/reach2zeeshan/clinicaltrials/venv/lib/python3.12/site-packages/airflow/example_dags/example_branch_operator.py for tasks to queue
[2025-07-15T12:18:39.487+0000] {logging_mixin.py:188} INFO - [2025-07-15T12:18:39.486+0000] {dagbag.py:545} INFO - Filling up the DagBag from /home/reach2zeeshan/clinicaltrials/venv/lib/python3.12/site-packages/airflow/example_dags/example_branch_operator.py
[2025-07-15T12:18:39.536+0000] {processor.py:842} WARNING - No viable dags retrieved from /home/reach2zeeshan/clinicaltrials/venv/lib/python3.12/site-packages/airflow/example_dags/example_branch_operator.py
[2025-07-15T12:18:39.556+0000] {processor.py:183} INFO - Processing /home/reach2zeeshan/clinicaltrials/venv/lib/python3.12/site-packages/airflow/example_dags/example_branch_operator.py took 0.080 seconds
[2025-07-15T12:19:37.563+0000] {processor.py:161} INFO - Started process (PID=1340) to work on /home/reach2zeeshan/clinicaltrials/venv/lib/python3.12/site-packages/airflow/example_dags/example_branch_operator.py
[2025-07-15T12:19:37.566+0000] {processor.py:830} INFO - Processing file /home/reach2zeeshan/clinicaltrials/venv/lib/python3.12/site-packages/airflow/example_dags/example_branch_operator.py for tasks to queue
[2025-07-15T12:19:37.568+0000] {logging_mixin.py:188} INFO - [2025-07-15T12:19:37.567+0000] {dagbag.py:545} INFO - Filling up the DagBag from /home/reach2zeeshan/clinicaltrials/venv/lib/python3.12/site-packages/airflow/example_dags/example_branch_operator.py
[2025-07-15T12:19:37.624+0000] {processor.py:842} WARNING - No viable dags retrieved from /home/reach2zeeshan/clinicaltrials/venv/lib/python3.12/site-packages/airflow/example_dags/example_branch_operator.py
[2025-07-15T12:19:37.636+0000] {processor.py:183} INFO - Processing /home/reach2zeeshan/clinicaltrials/venv/lib/python3.12/site-packages/airflow/example_dags/example_branch_operator.py took 0.099 seconds
[2025-07-15T12:20:30.019+0000] {processor.py:161} INFO - Started process (PID=1397) to work on /home/reach2zeeshan/clinicaltrials/venv/lib/python3.12/site-packages/airflow/example_dags/example_branch_operator.py
[2025-07-15T12:20:30.022+0000] {processor.py:830} INFO - Processing file /home/reach2zeeshan/clinicaltrials/venv/lib/python3.12/site-packages/airflow/example_dags/example_branch_operator.py for tasks to queue
[2025-07-15T12:20:30.028+0000] {logging_mixin.py:188} INFO - [2025-07-15T12:20:30.027+0000] {dagbag.py:545} INFO - Filling up the DagBag from /home/reach2zeeshan/clinicaltrials/venv/lib/python3.12/site-packages/airflow/example_dags/example_branch_operator.py
[2025-07-15T12:20:30.066+0000] {processor.py:842} WARNING - No viable dags retrieved from /home/reach2zeeshan/clinicaltrials/venv/lib/python3.12/site-packages/airflow/example_dags/example_branch_operator.py
[2025-07-15T12:20:30.087+0000] {processor.py:183} INFO - Processing /home/reach2zeeshan/clinicaltrials/venv/lib/python3.12/site-packages/airflow/example_dags/example_branch_operator.py took 0.075 seconds
[2025-07-15T12:21:35.897+0000] {processor.py:161} INFO - Started process (PID=1473) to work on /home/reach2zeeshan/clinicaltrials/venv/lib/python3.12/site-packages/airflow/example_dags/example_branch_operator.py
[2025-07-15T12:21:35.899+0000] {processor.py:830} INFO - Processing file /home/reach2zeeshan/clinicaltrials/venv/lib/python3.12/site-packages/airflow/example_dags/example_branch_operator.py for tasks to queue
[2025-07-15T12:21:35.900+0000] {logging_mixin.py:188} INFO - [2025-07-15T12:21:35.899+0000] {dagbag.py:545} INFO - Filling up the DagBag from /home/reach2zeeshan/clinicaltrials/venv/lib/python3.12/site-packages/airflow/example_dags/example_branch_operator.py
[2025-07-15T12:21:35.985+0000] {processor.py:842} WARNING - No viable dags retrieved from /home/reach2zeeshan/clinicaltrials/venv/lib/python3.12/site-packages/airflow/example_dags/example_branch_operator.py
[2025-07-15T12:21:36.008+0000] {processor.py:183} INFO - Processing /home/reach2zeeshan/clinicaltrials/venv/lib/python3.12/site-packages/airflow/example_dags/example_branch_operator.py took 0.119 seconds
[2025-07-15T12:22:47.052+0000] {processor.py:161} INFO - Started process (PID=1546) to work on /home/reach2zeeshan/clinicaltrials/venv/lib/python3.12/site-packages/airflow/example_dags/example_branch_operator.py
[2025-07-15T12:22:47.055+0000] {processor.py:830} INFO - Processing file /home/reach2zeeshan/clinicaltrials/venv/lib/python3.12/site-packages/airflow/example_dags/example_branch_operator.py for tasks to queue
[2025-07-15T12:22:47.056+0000] {logging_mixin.py:188} INFO - [2025-07-15T12:22:47.055+0000] {dagbag.py:545} INFO - Filling up the DagBag from /home/reach2zeeshan/clinicaltrials/venv/lib/python3.12/site-packages/airflow/example_dags/example_branch_operator.py
[2025-07-15T12:22:47.091+0000] {processor.py:842} WARNING - No viable dags retrieved from /home/reach2zeeshan/clinicaltrials/venv/lib/python3.12/site-packages/airflow/example_dags/example_branch_operator.py
[2025-07-15T12:22:47.113+0000] {processor.py:183} INFO - Processing /home/reach2zeeshan/clinicaltrials/venv/lib/python3.12/site-packages/airflow/example_dags/example_branch_operator.py took 0.072 seconds
[2025-07-15T12:23:57.994+0000] {processor.py:161} INFO - Started process (PID=1625) to work on /home/reach2zeeshan/clinicaltrials/venv/lib/python3.12/site-packages/airflow/example_dags/example_branch_operator.py
[2025-07-15T12:23:57.996+0000] {processor.py:830} INFO - Processing file /home/reach2zeeshan/clinicaltrials/venv/lib/python3.12/site-packages/airflow/example_dags/example_branch_operator.py for tasks to queue
[2025-07-15T12:23:57.997+0000] {logging_mixin.py:188} INFO - [2025-07-15T12:23:57.996+0000] {dagbag.py:545} INFO - Filling up the DagBag from /home/reach2zeeshan/clinicaltrials/venv/lib/python3.12/site-packages/airflow/example_dags/example_branch_operator.py
[2025-07-15T12:23:58.068+0000] {processor.py:842} WARNING - No viable dags retrieved from /home/reach2zeeshan/clinicaltrials/venv/lib/python3.12/site-packages/airflow/example_dags/example_branch_operator.py
[2025-07-15T12:23:58.077+0000] {processor.py:183} INFO - Processing /home/reach2zeeshan/clinicaltrials/venv/lib/python3.12/site-packages/airflow/example_dags/example_branch_operator.py took 0.098 seconds
[2025-07-15T12:25:03.302+0000] {processor.py:161} INFO - Started process (PID=1698) to work on /home/reach2zeeshan/clinicaltrials/venv/lib/python3.12/site-packages/airflow/example_dags/example_branch_operator.py
[2025-07-15T12:25:03.305+0000] {processor.py:830} INFO - Processing file /home/reach2zeeshan/clinicaltrials/venv/lib/python3.12/site-packages/airflow/example_dags/example_branch_operator.py for tasks to queue
[2025-07-15T12:25:03.309+0000] {logging_mixin.py:188} INFO - [2025-07-15T12:25:03.307+0000] {dagbag.py:545} INFO - Filling up the DagBag from /home/reach2zeeshan/clinicaltrials/venv/lib/python3.12/site-packages/airflow/example_dags/example_branch_operator.py
[2025-07-15T12:25:03.420+0000] {processor.py:842} WARNING - No viable dags retrieved from /home/reach2zeeshan/clinicaltrials/venv/lib/python3.12/site-packages/airflow/example_dags/example_branch_operator.py
[2025-07-15T12:25:03.433+0000] {processor.py:183} INFO - Processing /home/reach2zeeshan/clinicaltrials/venv/lib/python3.12/site-packages/airflow/example_dags/example_branch_operator.py took 0.147 seconds
[2025-07-15T12:26:10.431+0000] {processor.py:161} INFO - Started process (PID=1775) to work on /home/reach2zeeshan/clinicaltrials/venv/lib/python3.12/site-packages/airflow/example_dags/example_branch_operator.py
[2025-07-15T12:26:10.434+0000] {processor.py:830} INFO - Processing file /home/reach2zeeshan/clinicaltrials/venv/lib/python3.12/site-packages/airflow/example_dags/example_branch_operator.py for tasks to queue
[2025-07-15T12:26:10.435+0000] {logging_mixin.py:188} INFO - [2025-07-15T12:26:10.435+0000] {dagbag.py:545} INFO - Filling up the DagBag from /home/reach2zeeshan/clinicaltrials/venv/lib/python3.12/site-packages/airflow/example_dags/example_branch_operator.py
[2025-07-15T12:26:10.478+0000] {processor.py:842} WARNING - No viable dags retrieved from /home/reach2zeeshan/clinicaltrials/venv/lib/python3.12/site-packages/airflow/example_dags/example_branch_operator.py
[2025-07-15T12:26:10.489+0000] {processor.py:183} INFO - Processing /home/reach2zeeshan/clinicaltrials/venv/lib/python3.12/site-packages/airflow/example_dags/example_branch_operator.py took 0.065 seconds
[2025-07-15T12:27:20.107+0000] {processor.py:161} INFO - Started process (PID=1853) to work on /home/reach2zeeshan/clinicaltrials/venv/lib/python3.12/site-packages/airflow/example_dags/example_branch_operator.py
[2025-07-15T12:27:20.110+0000] {processor.py:830} INFO - Processing file /home/reach2zeeshan/clinicaltrials/venv/lib/python3.12/site-packages/airflow/example_dags/example_branch_operator.py for tasks to queue
[2025-07-15T12:27:20.112+0000] {logging_mixin.py:188} INFO - [2025-07-15T12:27:20.111+0000] {dagbag.py:545} INFO - Filling up the DagBag from /home/reach2zeeshan/clinicaltrials/venv/lib/python3.12/site-packages/airflow/example_dags/example_branch_operator.py
[2025-07-15T12:27:20.161+0000] {processor.py:842} WARNING - No viable dags retrieved from /home/reach2zeeshan/clinicaltrials/venv/lib/python3.12/site-packages/airflow/example_dags/example_branch_operator.py
[2025-07-15T12:27:20.174+0000] {processor.py:183} INFO - Processing /home/reach2zeeshan/clinicaltrials/venv/lib/python3.12/site-packages/airflow/example_dags/example_branch_operator.py took 0.074 seconds
