[2025-07-15T11:06:38.342+0000] {local_task_job_runner.py:120} INFO - ::group::Pre task execution logs
[2025-07-15T11:06:38.354+0000] {taskinstance.py:2076} INFO - Dependencies all met for dep_context=non-requeueable deps ti=<TaskInstance: run_dbt_models.dbt_run manual__2025-07-15T10:50:45.194882+00:00 [queued]>
[2025-07-15T11:06:38.358+0000] {taskinstance.py:2076} INFO - Dependencies all met for dep_context=requeueable deps ti=<TaskInstance: run_dbt_models.dbt_run manual__2025-07-15T10:50:45.194882+00:00 [queued]>
[2025-07-15T11:06:38.358+0000] {taskinstance.py:2306} INFO - Starting attempt 1 of 1
[2025-07-15T11:06:38.372+0000] {taskinstance.py:2330} INFO - Executing <Task(BashOperator): dbt_run> on 2025-07-15 10:50:45.194882+00:00
[2025-07-15T11:06:38.379+0000] {standard_task_runner.py:90} INFO - Running: ['airflow', 'tasks', 'run', 'run_dbt_models', 'dbt_run', 'manual__2025-07-15T10:50:45.194882+00:00', '--job-id', '23', '--raw', '--subdir', 'DAGS_FOLDER/run_dbt.py', '--cfg-path', '/tmp/tmp67pvwo1g']
[2025-07-15T11:06:38.382+0000] {standard_task_runner.py:91} INFO - Job 23: Subtask dbt_run
[2025-07-15T11:06:38.389+0000] {logging_mixin.py:188} WARNING - /home/reach2zeeshan/clinicaltrials/venv/lib/python3.12/site-packages/airflow/task/task_runner/standard_task_runner.py:61 DeprecationWarning: This process (pid=3065) is multi-threaded, use of fork() may lead to deadlocks in the child.
[2025-07-15T11:06:38.390+0000] {standard_task_runner.py:63} INFO - Started process 3070 to run task
[2025-07-15T11:06:38.421+0000] {task_command.py:426} INFO - Running <TaskInstance: run_dbt_models.dbt_run manual__2025-07-15T10:50:45.194882+00:00 [running]> on host ZeeLaptop.localdomain
[2025-07-15T11:06:38.533+0000] {taskinstance.py:2648} INFO - Exporting env vars: AIRFLOW_CTX_DAG_OWNER='airflow' AIRFLOW_CTX_DAG_ID='run_dbt_models' AIRFLOW_CTX_TASK_ID='dbt_run' AIRFLOW_CTX_EXECUTION_DATE='2025-07-15T10:50:45.194882+00:00' AIRFLOW_CTX_TRY_NUMBER='1' AIRFLOW_CTX_DAG_RUN_ID='manual__2025-07-15T10:50:45.194882+00:00'
[2025-07-15T11:06:38.535+0000] {taskinstance.py:430} INFO - ::endgroup::
[2025-07-15T11:06:38.536+0000] {subprocess.py:63} INFO - Tmp dir root location: /tmp
[2025-07-15T11:06:38.537+0000] {subprocess.py:75} INFO - Running command: ['/usr/bin/bash', '-c', '\n        cd /home/reach2zeeshan/clinicaltrials &&\n        /home/reach2zeeshan/clinicaltrials/venv/bin/dbt run\n        ']
[2025-07-15T11:06:38.553+0000] {subprocess.py:86} INFO - Output:
[2025-07-15T11:06:42.760+0000] {subprocess.py:93} INFO - [0m11:06:42  Running with dbt=1.10.4
[2025-07-15T11:06:43.585+0000] {subprocess.py:93} INFO - [0m11:06:43  Registered adapter: snowflake=1.10.0
[2025-07-15T11:06:44.104+0000] {subprocess.py:93} INFO - [0m11:06:44  Found 2 models, 2 data tests, 1 source, 743 macros
[2025-07-15T11:06:44.106+0000] {subprocess.py:93} INFO - [0m11:06:44
[2025-07-15T11:06:44.106+0000] {subprocess.py:93} INFO - [0m11:06:44  Concurrency: 1 threads (target='dev')
[2025-07-15T11:06:44.106+0000] {subprocess.py:93} INFO - [0m11:06:44
[2025-07-15T11:06:46.929+0000] {subprocess.py:93} INFO - [0m11:06:46  1 of 2 START sql table model sh_clinical_trials_gov_stage.stg_ctgov__studies ... [RUN]
[2025-07-15T11:06:48.931+0000] {subprocess.py:93} INFO - [0m11:06:48  1 of 2 OK created sql table model sh_clinical_trials_gov_stage.stg_ctgov__studies  [[32mSUCCESS 1[0m in 2.00s]
[2025-07-15T11:06:48.933+0000] {subprocess.py:93} INFO - [0m11:06:48  2 of 2 START sql table model sh_clinical_trials_gov_cur.int_sponsor_summary .... [RUN]
[2025-07-15T11:06:51.433+0000] {subprocess.py:93} INFO - [0m11:06:51  2 of 2 OK created sql table model sh_clinical_trials_gov_cur.int_sponsor_summary  [[32mSUCCESS 1[0m in 2.50s]
[2025-07-15T11:06:52.007+0000] {subprocess.py:93} INFO - [0m11:06:52
[2025-07-15T11:06:52.008+0000] {subprocess.py:93} INFO - [0m11:06:52  Finished running 2 table models in 0 hours 0 minutes and 7.90 seconds (7.90s).
[2025-07-15T11:06:52.051+0000] {subprocess.py:93} INFO - [0m11:06:52
[2025-07-15T11:06:52.051+0000] {subprocess.py:93} INFO - [0m11:06:52  [32mCompleted successfully[0m
[2025-07-15T11:06:52.052+0000] {subprocess.py:93} INFO - [0m11:06:52
[2025-07-15T11:06:52.052+0000] {subprocess.py:93} INFO - [0m11:06:52  Done. PASS=2 WARN=0 ERROR=0 SKIP=0 NO-OP=0 TOTAL=2
[2025-07-15T11:06:53.440+0000] {subprocess.py:97} INFO - Command exited with return code 0
[2025-07-15T11:06:53.441+0000] {taskinstance.py:441} INFO - ::group::Post task execution logs
[2025-07-15T11:06:53.457+0000] {taskinstance.py:1206} INFO - Marking task as SUCCESS. dag_id=run_dbt_models, task_id=dbt_run, run_id=manual__2025-07-15T10:50:45.194882+00:00, execution_date=20250715T105045, start_date=20250715T110638, end_date=20250715T110653
[2025-07-15T11:06:53.503+0000] {local_task_job_runner.py:240} INFO - Task exited with return code 0
[2025-07-15T11:06:53.511+0000] {taskinstance.py:3498} INFO - 1 downstream tasks scheduled from follow-on schedule check
[2025-07-15T11:06:53.524+0000] {local_task_job_runner.py:222} INFO - ::endgroup::
